9.1131 	INFO 	Loaded monitor calibration from ['2024_08_08 19:17']
9.4099 	EXP 	Created window1 = Window(allowGUI=True, allowStencil=False, autoLog=True, backendConf=UNKNOWN, backgroundFit=<method-wrapper '__getattribute__' of attributeSetter object at 0x0000020B56723460>, backgroundImage=<method-wrapper '__getattribute__' of attributeSetter object at 0x0000020B56723400>, bitsMode=UNKNOWN, blendMode='avg', bpc=(8, 8, 8), color=array([0, 0, 0]), colorSpace='rgb', depthBits=8, fullscr=<method-wrapper '__getattribute__' of attributeSetter object at 0x0000020B56723250>, gamma=None, gammaErrorPolicy='raise', infoMsg=UNKNOWN, lms=UNKNOWN, monitor=<psychopy.monitors.calibTools.Monitor object at 0x0000020B567F0970>, multiSample=False, name='window1', numSamples=2, pos=[320.0, 200.0], screen=0, size=array([1280,  800]), stencilBits=0, stereo=False, title='PsychoPy', units='height', useFBO=True, useRetina=False, viewOri=0.0, viewPos=None, viewScale=None, waitBlanking=True, winType='pyglet')
9.4100 	EXP 	window1: backgroundImage = ''
9.4100 	EXP 	window1: backgroundFit = 'none'
9.4103 	EXP 	window1: mouseVisible = <method-wrapper '__getattribute__' of attributeSetter object at 0x0000020B56723580>
9.4104 	EXP 	window1: mouseVisible = <method-wrapper '__getattribute__' of attributeSetter object at 0x0000020B56723580>
9.4147 	EXP 	window1: mouseVisible = <method-wrapper '__getattribute__' of attributeSetter object at 0x0000020B56723580>
9.4156 	EXP 	window1: mouseVisible = <method-wrapper '__getattribute__' of attributeSetter object at 0x0000020B56723580>
9.4863 	EXP 	window1: mouseVisible = <method-wrapper '__getattribute__' of attributeSetter object at 0x0000020B56723580>
9.4864 	EXP 	window1: mouseVisible = <method-wrapper '__getattribute__' of attributeSetter object at 0x0000020B56723580>
9.4872 	EXP 	window1: mouseVisible = <method-wrapper '__getattribute__' of attributeSetter object at 0x0000020B56723580>
9.4880 	EXP 	window1: mouseVisible = <method-wrapper '__getattribute__' of attributeSetter object at 0x0000020B56723580>
9.5047 	EXP 	window1: Attempting to measure frame rate of screen (0) ...
9.5048 	EXP 	window1: recordFrameIntervals = False
9.6811 	EXP 	window1: recordFrameIntervals = True
9.8641 	EXP 	Screen (0) actual frame rate measured at 60.52Hz
9.8642 	EXP 	window1: recordFrameIntervals = False
9.8642 	EXP 	window1: mouseVisible = True
9.9040 	WARNING 	launchHubServer: If using the iohub mouse or eyetracker devices, fullScr should be True.
13.7690 	INFO 	keyboard.Keyboard is using iohub backend.
13.7690 	INFO 	keyboard.Keyboard is using iohub backend.
13.7691 	EXP 	delaydiscounting: status = STARTED
13.7693 	EXP 	window1: mouseVisible = True
13.7748 	EXP 	Created fixation = ShapeStim(__class__=<class 'psychopy.visual.shape.ShapeStim'>, anchor=('center', 'center'), autoDraw=False, autoLog=True, closeShape=True, color=method-wrapper(...), colorSpace='rgb', contrast=None, depth=0.0, draggable=False, fillColor=array([1, 1, 1]), fillColorSpace='rgb', fillRGB=array([1, 1, 1]), interpolate=True, lineColor=array([1., 1., 1.]), lineColorSpace='rgb', lineRGB=array([1, 1, 1]), lineWidth=1.0, name='fixation', opacity=1, ori=0.0, pos=array([0., 0.]), size=array([0.05, 0.05]), units='height', vertices=ndarray(...), win=Window(...), windingRule=None)
13.7751 	EXP 	window1: mouseVisible = True
13.8114 	EXP 	Created text = TextStim(__class__=<class 'psychopy.visual.text.TextStim'>, alignHoriz=method-wrapper(...), alignText='center', alignVert=method-wrapper(...), anchorHoriz='center', anchorVert='center', antialias=True, autoDraw=False, autoLog=True, bold=False, color=array([1., 1., 1.]), colorSpace='rgb', contrast=1.0, depth=-1.0, draggable=False, flipHoriz=False, flipVert=False, font='Arial', fontFiles=[], height=0.05, italic=False, languageStyle='LTR', name='text', opacity=1, ori=0.0, pos=array([0., 0.]), rgb=UNKNOWN, text='', units='height', win=Window(...), wrapWidth=1)
0.0233 	EXP 	Imported C:/Users/User/Desktop/AU/SEM5/PSY310/discounting.xlsx as conditions, 7 conditions, 3 params
0.0261 	EXP 	New trial (rep=0, index=0): <Trial 0 (0 in rep 0) data={'reward_today': 67, 'future_reward': 75, 'delay': 119, 'thisN': 0, 'thisTrialN': 0, 'thisRepN': 0}>
0.0997 	EXP 	text: height = 0.05
0.0997 	EXP 	text: height = 0.05
0.0997 	EXP 	text: height = 0.05
0.0997 	EXP 	text: text = 'GBP 67 today or GBP 75 after 119 days'
0.0997 	EXP 	fixation: autoDraw = True
1.0162 	INFO 	Keyboard events cleared
1.0158 	EXP 	text: autoDraw = True
1.0990 	EXP 	fixation: autoDraw = False
5.3736 	EXP 	New trial (rep=0, index=1): <Trial 1 (1 in rep 0) data={'reward_today': 27, 'future_reward': 50, 'delay': 21, 'thisN': 1, 'thisTrialN': 1, 'thisRepN': 0}>
5.3811 	DATA 	Keypress: t
5.3969 	EXP 	fixation: autoDraw = False
5.3969 	EXP 	text: autoDraw = False
5.3969 	EXP 	text: height = 0.05
5.3969 	EXP 	text: height = 0.05
5.3969 	EXP 	text: height = 0.05
5.3969 	EXP 	text: text = 'GBP 27 today or GBP 50 after 21 days'
5.3969 	EXP 	fixation: autoDraw = True
6.3809 	INFO 	Keyboard events cleared
6.3805 	EXP 	text: autoDraw = True
6.3970 	EXP 	fixation: autoDraw = False
8.0807 	EXP 	New trial (rep=0, index=2): <Trial 2 (2 in rep 0) data={'reward_today': 15, 'future_reward': 35, 'delay': 13, 'thisN': 2, 'thisTrialN': 2, 'thisRepN': 0}>
8.0863 	DATA 	Keypress: l
8.0970 	EXP 	fixation: autoDraw = False
8.0970 	EXP 	text: autoDraw = False
8.0970 	EXP 	text: height = 0.05
8.0970 	EXP 	text: height = 0.05
8.0970 	EXP 	text: height = 0.05
8.0970 	EXP 	text: text = 'GBP 15 today or GBP 35 after 13 days'
8.0970 	EXP 	fixation: autoDraw = True
9.0971 	INFO 	Keyboard events cleared
9.0967 	EXP 	fixation: autoDraw = False
9.0967 	EXP 	text: autoDraw = True
10.8301 	EXP 	New trial (rep=0, index=3): <Trial 3 (3 in rep 0) data={'reward_today': 40, 'future_reward': 55, 'delay': 62, 'thisN': 3, 'thisTrialN': 3, 'thisRepN': 0}>
10.8359 	DATA 	Keypress: l
10.8449 	EXP 	fixation: autoDraw = False
10.8449 	EXP 	text: autoDraw = False
10.8449 	EXP 	text: height = 0.05
10.8449 	EXP 	text: height = 0.05
10.8449 	EXP 	text: height = 0.05
10.8449 	EXP 	text: text = 'GBP 40 today or GBP 55 after 62 days'
10.8449 	EXP 	fixation: autoDraw = True
11.8654 	INFO 	Keyboard events cleared
11.8650 	EXP 	fixation: autoDraw = False
11.8650 	EXP 	text: autoDraw = True
14.4614 	EXP 	New trial (rep=0, index=4): <Trial 4 (4 in rep 0) data={'reward_today': 49, 'future_reward': 60, 'delay': 89, 'thisN': 4, 'thisTrialN': 4, 'thisRepN': 0}>
14.4668 	DATA 	Keypress: t
14.4765 	EXP 	fixation: autoDraw = False
14.4765 	EXP 	text: autoDraw = False
14.4765 	EXP 	text: height = 0.05
14.4765 	EXP 	text: height = 0.05
14.4765 	EXP 	text: height = 0.05
14.4765 	EXP 	text: text = 'GBP 49 today or GBP 60 after 89 days'
14.4765 	EXP 	fixation: autoDraw = True
15.4768 	INFO 	Keyboard events cleared
15.4765 	EXP 	fixation: autoDraw = False
15.4765 	EXP 	text: autoDraw = True
17.4942 	EXP 	New trial (rep=0, index=5): <Trial 5 (5 in rep 0) data={'reward_today': 78, 'future_reward': 80, 'delay': 162, 'thisN': 5, 'thisTrialN': 5, 'thisRepN': 0}>
17.4981 	DATA 	Keypress: l
17.5092 	EXP 	fixation: autoDraw = False
17.5092 	EXP 	text: autoDraw = False
17.5092 	EXP 	text: height = 0.05
17.5092 	EXP 	text: height = 0.05
17.5092 	EXP 	text: height = 0.05
17.5092 	EXP 	text: text = 'GBP 78 today or GBP 80 after 162 days'
17.5092 	EXP 	fixation: autoDraw = True
18.4925 	INFO 	Keyboard events cleared
18.4921 	EXP 	text: autoDraw = True
18.5091 	EXP 	fixation: autoDraw = False
19.5267 	EXP 	New trial (rep=0, index=6): <Trial 6 (6 in rep 0) data={'reward_today': 11, 'future_reward': 30, 'delay': 7, 'thisN': 6, 'thisTrialN': 6, 'thisRepN': 0}>
19.5307 	DATA 	Keypress: t
19.5416 	EXP 	fixation: autoDraw = False
19.5416 	EXP 	text: autoDraw = False
19.5416 	EXP 	text: height = 0.05
19.5416 	EXP 	text: height = 0.05
19.5416 	EXP 	text: height = 0.05
19.5416 	EXP 	text: text = 'GBP 11 today or GBP 30 after 7 days'
19.5416 	EXP 	fixation: autoDraw = True
20.5413 	INFO 	Keyboard events cleared
20.5410 	EXP 	fixation: autoDraw = False
20.5410 	EXP 	text: autoDraw = True
21.4587 	EXP 	New trial (rep=1, index=0): <Trial 7 (0 in rep 1) data={'reward_today': 49, 'future_reward': 60, 'delay': 89, 'thisN': 7, 'thisTrialN': 0, 'thisRepN': 1}>
21.4629 	DATA 	Keypress: l
21.4743 	EXP 	fixation: autoDraw = False
21.4743 	EXP 	text: autoDraw = False
21.4743 	EXP 	text: height = 0.05
21.4743 	EXP 	text: height = 0.05
21.4743 	EXP 	text: height = 0.05
21.4743 	EXP 	text: text = 'GBP 49 today or GBP 60 after 89 days'
21.4743 	EXP 	fixation: autoDraw = True
22.4742 	INFO 	Keyboard events cleared
22.4737 	EXP 	fixation: autoDraw = False
22.4737 	EXP 	text: autoDraw = True
23.4570 	EXP 	New trial (rep=1, index=1): <Trial 8 (1 in rep 1) data={'reward_today': 67, 'future_reward': 75, 'delay': 119, 'thisN': 8, 'thisTrialN': 1, 'thisRepN': 1}>
23.4608 	DATA 	Keypress: t
23.4733 	EXP 	fixation: autoDraw = False
23.4733 	EXP 	text: autoDraw = False
23.4733 	EXP 	text: height = 0.05
23.4733 	EXP 	text: height = 0.05
23.4733 	EXP 	text: height = 0.05
23.4733 	EXP 	text: text = 'GBP 67 today or GBP 75 after 119 days'
23.4733 	EXP 	fixation: autoDraw = True
24.4566 	INFO 	Keyboard events cleared
24.4561 	EXP 	text: autoDraw = True
24.4721 	EXP 	fixation: autoDraw = False
25.8066 	EXP 	New trial (rep=1, index=2): <Trial 9 (2 in rep 1) data={'reward_today': 15, 'future_reward': 35, 'delay': 13, 'thisN': 9, 'thisTrialN': 2, 'thisRepN': 1}>
25.8104 	DATA 	Keypress: t
25.8224 	EXP 	fixation: autoDraw = False
25.8224 	EXP 	text: autoDraw = False
25.8224 	EXP 	text: height = 0.05
25.8224 	EXP 	text: height = 0.05
25.8224 	EXP 	text: height = 0.05
25.8224 	EXP 	text: text = 'GBP 15 today or GBP 35 after 13 days'
25.8224 	EXP 	fixation: autoDraw = True
26.8054 	INFO 	Keyboard events cleared
26.8051 	EXP 	text: autoDraw = True
26.8216 	EXP 	fixation: autoDraw = False
28.5547 	EXP 	New trial (rep=1, index=3): <Trial 10 (3 in rep 1) data={'reward_today': 78, 'future_reward': 80, 'delay': 162, 'thisN': 10, 'thisTrialN': 3, 'thisRepN': 1}>
28.5585 	DATA 	Keypress: l
28.5708 	EXP 	fixation: autoDraw = False
28.5708 	EXP 	text: autoDraw = False
28.5708 	EXP 	text: height = 0.05
28.5708 	EXP 	text: height = 0.05
28.5708 	EXP 	text: height = 0.05
28.5708 	EXP 	text: text = 'GBP 78 today or GBP 80 after 162 days'
28.5708 	EXP 	fixation: autoDraw = True
29.5546 	INFO 	Keyboard events cleared
29.5542 	EXP 	text: autoDraw = True
29.5707 	EXP 	fixation: autoDraw = False
31.6548 	EXP 	New trial (rep=1, index=4): <Trial 11 (4 in rep 1) data={'reward_today': 40, 'future_reward': 55, 'delay': 62, 'thisN': 11, 'thisTrialN': 4, 'thisRepN': 1}>
31.6590 	DATA 	Keypress: t
31.6706 	EXP 	fixation: autoDraw = False
31.6706 	EXP 	text: autoDraw = False
31.6706 	EXP 	text: height = 0.05
31.6706 	EXP 	text: height = 0.05
31.6706 	EXP 	text: height = 0.05
31.6706 	EXP 	text: text = 'GBP 40 today or GBP 55 after 62 days'
31.6706 	EXP 	fixation: autoDraw = True
32.6704 	INFO 	Keyboard events cleared
32.6699 	EXP 	fixation: autoDraw = False
32.6699 	EXP 	text: autoDraw = True
34.1699 	EXP 	New trial (rep=1, index=5): <Trial 12 (5 in rep 1) data={'reward_today': 27, 'future_reward': 50, 'delay': 21, 'thisN': 12, 'thisTrialN': 5, 'thisRepN': 1}>
34.1737 	DATA 	Keypress: t
34.1854 	EXP 	fixation: autoDraw = False
34.1854 	EXP 	text: autoDraw = False
34.1854 	EXP 	text: height = 0.05
34.1854 	EXP 	text: height = 0.05
34.1854 	EXP 	text: height = 0.05
34.1854 	EXP 	text: text = 'GBP 27 today or GBP 50 after 21 days'
34.1854 	EXP 	fixation: autoDraw = True
35.1700 	INFO 	Keyboard events cleared
35.1696 	EXP 	text: autoDraw = True
35.1857 	EXP 	fixation: autoDraw = False
36.2530 	EXP 	New trial (rep=1, index=6): <Trial 13 (6 in rep 1) data={'reward_today': 11, 'future_reward': 30, 'delay': 7, 'thisN': 13, 'thisTrialN': 6, 'thisRepN': 1}>
36.2574 	DATA 	Keypress: l
36.2681 	EXP 	fixation: autoDraw = False
36.2681 	EXP 	text: autoDraw = False
36.2681 	EXP 	text: height = 0.05
36.2681 	EXP 	text: height = 0.05
36.2681 	EXP 	text: height = 0.05
36.2681 	EXP 	text: text = 'GBP 11 today or GBP 30 after 7 days'
36.2681 	EXP 	fixation: autoDraw = True
37.2679 	INFO 	Keyboard events cleared
37.2674 	EXP 	fixation: autoDraw = False
37.2674 	EXP 	text: autoDraw = True
37.8847 	EXP 	New trial (rep=2, index=0): <Trial 14 (0 in rep 2) data={'reward_today': 15, 'future_reward': 35, 'delay': 13, 'thisN': 14, 'thisTrialN': 0, 'thisRepN': 2}>
37.8886 	DATA 	Keypress: l
37.9000 	EXP 	fixation: autoDraw = False
37.9000 	EXP 	text: autoDraw = False
37.9000 	EXP 	text: height = 0.05
37.9000 	EXP 	text: height = 0.05
37.9000 	EXP 	text: height = 0.05
37.9000 	EXP 	text: text = 'GBP 15 today or GBP 35 after 13 days'
37.9000 	EXP 	fixation: autoDraw = True
38.8836 	INFO 	Keyboard events cleared
38.8832 	EXP 	text: autoDraw = True
38.9002 	EXP 	fixation: autoDraw = False
39.4676 	EXP 	New trial (rep=2, index=1): <Trial 15 (1 in rep 2) data={'reward_today': 40, 'future_reward': 55, 'delay': 62, 'thisN': 15, 'thisTrialN': 1, 'thisRepN': 2}>
39.4719 	DATA 	Keypress: l
39.4833 	EXP 	fixation: autoDraw = False
39.4833 	EXP 	text: autoDraw = False
39.4833 	EXP 	text: height = 0.05
39.4833 	EXP 	text: height = 0.05
39.4833 	EXP 	text: height = 0.05
39.4833 	EXP 	text: text = 'GBP 40 today or GBP 55 after 62 days'
39.4833 	EXP 	fixation: autoDraw = True
40.4838 	INFO 	Keyboard events cleared
40.4834 	EXP 	fixation: autoDraw = False
40.4834 	EXP 	text: autoDraw = True
43.6650 	EXP 	New trial (rep=2, index=2): <Trial 16 (2 in rep 2) data={'reward_today': 27, 'future_reward': 50, 'delay': 21, 'thisN': 16, 'thisTrialN': 2, 'thisRepN': 2}>
43.6688 	DATA 	Keypress: t
43.6814 	EXP 	fixation: autoDraw = False
43.6814 	EXP 	text: autoDraw = False
43.6814 	EXP 	text: height = 0.05
43.6814 	EXP 	text: height = 0.05
43.6814 	EXP 	text: height = 0.05
43.6814 	EXP 	text: text = 'GBP 27 today or GBP 50 after 21 days'
43.6814 	EXP 	fixation: autoDraw = True
44.6639 	INFO 	Keyboard events cleared
44.6636 	EXP 	text: autoDraw = True
44.6975 	EXP 	fixation: autoDraw = False
45.2994 	EXP 	New trial (rep=2, index=3): <Trial 17 (3 in rep 2) data={'reward_today': 67, 'future_reward': 75, 'delay': 119, 'thisN': 17, 'thisTrialN': 3, 'thisRepN': 2}>
45.3036 	DATA 	Keypress: l
45.3138 	EXP 	fixation: autoDraw = False
45.3138 	EXP 	text: autoDraw = False
45.3138 	EXP 	text: height = 0.05
45.3138 	EXP 	text: height = 0.05
45.3138 	EXP 	text: height = 0.05
45.3138 	EXP 	text: text = 'GBP 67 today or GBP 75 after 119 days'
45.3138 	EXP 	fixation: autoDraw = True
46.3151 	INFO 	Keyboard events cleared
46.3145 	EXP 	fixation: autoDraw = False
46.3145 	EXP 	text: autoDraw = True
46.8806 	EXP 	New trial (rep=2, index=4): <Trial 18 (4 in rep 2) data={'reward_today': 78, 'future_reward': 80, 'delay': 162, 'thisN': 18, 'thisTrialN': 4, 'thisRepN': 2}>
46.8844 	DATA 	Keypress: t
46.8980 	EXP 	fixation: autoDraw = False
46.8980 	EXP 	text: autoDraw = False
46.8980 	EXP 	text: height = 0.05
46.8980 	EXP 	text: height = 0.05
46.8980 	EXP 	text: height = 0.05
46.8980 	EXP 	text: text = 'GBP 78 today or GBP 80 after 162 days'
46.8980 	EXP 	fixation: autoDraw = True
47.8807 	INFO 	Keyboard events cleared
47.8802 	EXP 	text: autoDraw = True
47.9131 	EXP 	fixation: autoDraw = False
50.2458 	EXP 	New trial (rep=2, index=5): <Trial 19 (5 in rep 2) data={'reward_today': 49, 'future_reward': 60, 'delay': 89, 'thisN': 19, 'thisTrialN': 5, 'thisRepN': 2}>
50.2501 	DATA 	Keypress: t
50.2613 	EXP 	fixation: autoDraw = False
50.2613 	EXP 	text: autoDraw = False
50.2613 	EXP 	text: height = 0.05
50.2613 	EXP 	text: height = 0.05
50.2613 	EXP 	text: height = 0.05
50.2613 	EXP 	text: text = 'GBP 49 today or GBP 60 after 89 days'
50.2613 	EXP 	fixation: autoDraw = True
51.2455 	INFO 	Keyboard events cleared
51.2450 	EXP 	text: autoDraw = True
51.2621 	EXP 	fixation: autoDraw = False
53.1960 	EXP 	New trial (rep=2, index=6): <Trial 20 (6 in rep 2) data={'reward_today': 11, 'future_reward': 30, 'delay': 7, 'thisN': 20, 'thisTrialN': 6, 'thisRepN': 2}>
53.2000 	DATA 	Keypress: t
53.2101 	EXP 	fixation: autoDraw = False
53.2101 	EXP 	text: autoDraw = False
53.2101 	EXP 	text: height = 0.05
53.2101 	EXP 	text: height = 0.05
53.2101 	EXP 	text: height = 0.05
53.2101 	EXP 	text: text = 'GBP 11 today or GBP 30 after 7 days'
53.2101 	EXP 	fixation: autoDraw = True
54.2116 	INFO 	Keyboard events cleared
54.2110 	EXP 	fixation: autoDraw = False
54.2110 	EXP 	text: autoDraw = True
54.8108 	EXP 	New trial (rep=3, index=0): <Trial 21 (0 in rep 3) data={'reward_today': 11, 'future_reward': 30, 'delay': 7, 'thisN': 21, 'thisTrialN': 0, 'thisRepN': 3}>
54.8120 	DATA 	Keypress: l
54.8266 	EXP 	fixation: autoDraw = False
54.8266 	EXP 	text: autoDraw = False
54.8266 	EXP 	text: text = 'GBP 11 today or GBP 30 after 7 days'
54.8266 	EXP 	fixation: autoDraw = True
55.8112 	INFO 	Keyboard events cleared
55.8105 	EXP 	text: autoDraw = True
55.8264 	EXP 	fixation: autoDraw = False
56.3774 	EXP 	New trial (rep=3, index=1): <Trial 22 (1 in rep 3) data={'reward_today': 27, 'future_reward': 50, 'delay': 21, 'thisN': 22, 'thisTrialN': 1, 'thisRepN': 3}>
56.3814 	DATA 	Keypress: l
56.3932 	EXP 	fixation: autoDraw = False
56.3932 	EXP 	text: autoDraw = False
56.3932 	EXP 	text: height = 0.05
56.3932 	EXP 	text: height = 0.05
56.3932 	EXP 	text: height = 0.05
56.3932 	EXP 	text: text = 'GBP 27 today or GBP 50 after 21 days'
56.3932 	EXP 	fixation: autoDraw = True
57.3936 	INFO 	Keyboard events cleared
57.3931 	EXP 	fixation: autoDraw = False
57.3931 	EXP 	text: autoDraw = True
57.9766 	EXP 	New trial (rep=3, index=2): <Trial 23 (2 in rep 3) data={'reward_today': 78, 'future_reward': 80, 'delay': 162, 'thisN': 23, 'thisTrialN': 2, 'thisRepN': 3}>
57.9802 	DATA 	Keypress: l
57.9921 	EXP 	fixation: autoDraw = False
57.9921 	EXP 	text: autoDraw = False
57.9921 	EXP 	text: height = 0.05
57.9921 	EXP 	text: height = 0.05
57.9921 	EXP 	text: height = 0.05
57.9921 	EXP 	text: text = 'GBP 78 today or GBP 80 after 162 days'
57.9921 	EXP 	fixation: autoDraw = True
58.9922 	INFO 	Keyboard events cleared
58.9917 	EXP 	fixation: autoDraw = False
58.9917 	EXP 	text: autoDraw = True
59.7098 	EXP 	New trial (rep=3, index=3): <Trial 24 (3 in rep 3) data={'reward_today': 15, 'future_reward': 35, 'delay': 13, 'thisN': 24, 'thisTrialN': 3, 'thisRepN': 3}>
59.7143 	DATA 	Keypress: t
59.7245 	EXP 	fixation: autoDraw = False
59.7245 	EXP 	text: autoDraw = False
59.7245 	EXP 	text: height = 0.05
59.7245 	EXP 	text: height = 0.05
59.7245 	EXP 	text: height = 0.05
59.7245 	EXP 	text: text = 'GBP 15 today or GBP 35 after 13 days'
59.7245 	EXP 	fixation: autoDraw = True
60.7257 	INFO 	Keyboard events cleared
60.7252 	EXP 	fixation: autoDraw = False
60.7252 	EXP 	text: autoDraw = True
61.2743 	EXP 	New trial (rep=3, index=4): <Trial 25 (4 in rep 3) data={'reward_today': 67, 'future_reward': 75, 'delay': 119, 'thisN': 25, 'thisTrialN': 4, 'thisRepN': 3}>
61.2779 	DATA 	Keypress: l
61.2900 	EXP 	fixation: autoDraw = False
61.2900 	EXP 	text: autoDraw = False
61.2900 	EXP 	text: height = 0.05
61.2900 	EXP 	text: height = 0.05
61.2900 	EXP 	text: height = 0.05
61.2900 	EXP 	text: text = 'GBP 67 today or GBP 75 after 119 days'
61.2900 	EXP 	fixation: autoDraw = True
62.2899 	INFO 	Keyboard events cleared
62.2895 	EXP 	fixation: autoDraw = False
62.2895 	EXP 	text: autoDraw = True
62.9249 	EXP 	New trial (rep=3, index=5): <Trial 26 (5 in rep 3) data={'reward_today': 40, 'future_reward': 55, 'delay': 62, 'thisN': 26, 'thisTrialN': 5, 'thisRepN': 3}>
62.9290 	DATA 	Keypress: t
62.9399 	EXP 	fixation: autoDraw = False
62.9399 	EXP 	text: autoDraw = False
62.9399 	EXP 	text: height = 0.05
62.9399 	EXP 	text: height = 0.05
62.9399 	EXP 	text: height = 0.05
62.9399 	EXP 	text: text = 'GBP 40 today or GBP 55 after 62 days'
62.9399 	EXP 	fixation: autoDraw = True
63.9402 	INFO 	Keyboard events cleared
63.9398 	EXP 	fixation: autoDraw = False
63.9398 	EXP 	text: autoDraw = True
64.7558 	EXP 	New trial (rep=3, index=6): <Trial 27 (6 in rep 3) data={'reward_today': 49, 'future_reward': 60, 'delay': 89, 'thisN': 27, 'thisTrialN': 6, 'thisRepN': 3}>
64.7595 	DATA 	Keypress: t
64.7736 	EXP 	fixation: autoDraw = False
64.7736 	EXP 	text: autoDraw = False
64.7736 	EXP 	text: height = 0.05
64.7736 	EXP 	text: height = 0.05
64.7736 	EXP 	text: height = 0.05
64.7736 	EXP 	text: text = 'GBP 49 today or GBP 60 after 89 days'
64.7736 	EXP 	fixation: autoDraw = True
65.7563 	INFO 	Keyboard events cleared
65.7558 	EXP 	text: autoDraw = True
65.7892 	EXP 	fixation: autoDraw = False
67.4220 	EXP 	New trial (rep=4, index=0): <Trial 28 (0 in rep 4) data={'reward_today': 11, 'future_reward': 30, 'delay': 7, 'thisN': 28, 'thisTrialN': 0, 'thisRepN': 4}>
67.4258 	DATA 	Keypress: t
67.4382 	EXP 	fixation: autoDraw = False
67.4382 	EXP 	text: autoDraw = False
67.4382 	EXP 	text: height = 0.05
67.4382 	EXP 	text: height = 0.05
67.4382 	EXP 	text: height = 0.05
67.4382 	EXP 	text: text = 'GBP 11 today or GBP 30 after 7 days'
67.4382 	EXP 	fixation: autoDraw = True
68.4216 	INFO 	Keyboard events cleared
68.4211 	EXP 	text: autoDraw = True
68.4374 	EXP 	fixation: autoDraw = False
68.9743 	EXP 	New trial (rep=4, index=1): <Trial 29 (1 in rep 4) data={'reward_today': 40, 'future_reward': 55, 'delay': 62, 'thisN': 29, 'thisTrialN': 1, 'thisRepN': 4}>
68.9781 	DATA 	Keypress: l
68.9869 	EXP 	fixation: autoDraw = False
68.9869 	EXP 	text: autoDraw = False
68.9869 	EXP 	text: height = 0.05
68.9869 	EXP 	text: height = 0.05
68.9869 	EXP 	text: height = 0.05
68.9869 	EXP 	text: text = 'GBP 40 today or GBP 55 after 62 days'
68.9869 	EXP 	fixation: autoDraw = True
69.9883 	INFO 	Keyboard events cleared
69.9878 	EXP 	fixation: autoDraw = False
69.9878 	EXP 	text: autoDraw = True
70.5044 	EXP 	New trial (rep=4, index=2): <Trial 30 (2 in rep 4) data={'reward_today': 27, 'future_reward': 50, 'delay': 21, 'thisN': 30, 'thisTrialN': 2, 'thisRepN': 4}>
70.5083 	DATA 	Keypress: t
70.5192 	EXP 	fixation: autoDraw = False
70.5192 	EXP 	text: autoDraw = False
70.5192 	EXP 	text: height = 0.05
70.5192 	EXP 	text: height = 0.05
70.5192 	EXP 	text: height = 0.05
70.5192 	EXP 	text: text = 'GBP 27 today or GBP 50 after 21 days'
70.5192 	EXP 	fixation: autoDraw = True
71.5044 	INFO 	Keyboard events cleared
71.5040 	EXP 	text: autoDraw = True
71.5202 	EXP 	fixation: autoDraw = False
72.0704 	EXP 	New trial (rep=4, index=3): <Trial 31 (3 in rep 4) data={'reward_today': 67, 'future_reward': 75, 'delay': 119, 'thisN': 31, 'thisTrialN': 3, 'thisRepN': 4}>
72.0740 	DATA 	Keypress: l
72.0856 	EXP 	fixation: autoDraw = False
72.0856 	EXP 	text: autoDraw = False
72.0856 	EXP 	text: height = 0.05
72.0856 	EXP 	text: height = 0.05
72.0856 	EXP 	text: height = 0.05
72.0856 	EXP 	text: text = 'GBP 67 today or GBP 75 after 119 days'
72.0856 	EXP 	fixation: autoDraw = True
73.0854 	INFO 	Keyboard events cleared
73.0850 	EXP 	fixation: autoDraw = False
73.0850 	EXP 	text: autoDraw = True
73.6363 	EXP 	New trial (rep=4, index=4): <Trial 32 (4 in rep 4) data={'reward_today': 15, 'future_reward': 35, 'delay': 13, 'thisN': 32, 'thisTrialN': 4, 'thisRepN': 4}>
73.6405 	DATA 	Keypress: t
73.6524 	EXP 	fixation: autoDraw = False
73.6524 	EXP 	text: autoDraw = False
73.6524 	EXP 	text: height = 0.05
73.6524 	EXP 	text: height = 0.05
73.6524 	EXP 	text: height = 0.05
73.6524 	EXP 	text: text = 'GBP 15 today or GBP 35 after 13 days'
73.6524 	EXP 	fixation: autoDraw = True
74.6520 	INFO 	Keyboard events cleared
74.6513 	EXP 	fixation: autoDraw = False
74.6513 	EXP 	text: autoDraw = True
75.2376 	DATA 	Keypress: l
75.2526 	EXP 	New trial (rep=4, index=5): <Trial 33 (5 in rep 4) data={'reward_today': 49, 'future_reward': 60, 'delay': 89, 'thisN': 33, 'thisTrialN': 5, 'thisRepN': 4}>
75.2672 	EXP 	fixation: autoDraw = False
75.2672 	EXP 	text: autoDraw = False
75.2672 	EXP 	text: height = 0.05
75.2672 	EXP 	text: height = 0.05
75.2672 	EXP 	text: height = 0.05
75.2672 	EXP 	text: text = 'GBP 49 today or GBP 60 after 89 days'
75.2672 	EXP 	fixation: autoDraw = True
76.2691 	INFO 	Keyboard events cleared
76.2686 	EXP 	fixation: autoDraw = False
76.2686 	EXP 	text: autoDraw = True
76.8855 	EXP 	New trial (rep=4, index=6): <Trial 34 (6 in rep 4) data={'reward_today': 78, 'future_reward': 80, 'delay': 162, 'thisN': 34, 'thisTrialN': 6, 'thisRepN': 4}>
76.8895 	DATA 	Keypress: t
76.8999 	EXP 	fixation: autoDraw = False
76.8999 	EXP 	text: autoDraw = False
76.8999 	EXP 	text: height = 0.05
76.8999 	EXP 	text: height = 0.05
76.8999 	EXP 	text: height = 0.05
76.8999 	EXP 	text: text = 'GBP 78 today or GBP 80 after 162 days'
76.8999 	EXP 	fixation: autoDraw = True
77.9009 	INFO 	Keyboard events cleared
77.9003 	EXP 	fixation: autoDraw = False
77.9003 	EXP 	text: autoDraw = True
78.6002 	EXP 	New trial (rep=5, index=0): <Trial 35 (0 in rep 5) data={'reward_today': 49, 'future_reward': 60, 'delay': 89, 'thisN': 35, 'thisTrialN': 0, 'thisRepN': 5}>
78.6044 	DATA 	Keypress: t
78.6162 	EXP 	fixation: autoDraw = False
78.6162 	EXP 	text: autoDraw = False
78.6162 	EXP 	text: height = 0.05
78.6162 	EXP 	text: height = 0.05
78.6162 	EXP 	text: height = 0.05
78.6162 	EXP 	text: text = 'GBP 49 today or GBP 60 after 89 days'
78.6162 	EXP 	fixation: autoDraw = True
79.6006 	INFO 	Keyboard events cleared
79.6001 	EXP 	text: autoDraw = True
79.6161 	EXP 	fixation: autoDraw = False
80.2491 	EXP 	New trial (rep=5, index=1): <Trial 36 (1 in rep 5) data={'reward_today': 67, 'future_reward': 75, 'delay': 119, 'thisN': 36, 'thisTrialN': 1, 'thisRepN': 5}>
80.2534 	DATA 	Keypress: t
80.2655 	EXP 	fixation: autoDraw = False
80.2655 	EXP 	text: autoDraw = False
80.2655 	EXP 	text: height = 0.05
80.2655 	EXP 	text: height = 0.05
80.2655 	EXP 	text: height = 0.05
80.2655 	EXP 	text: text = 'GBP 67 today or GBP 75 after 119 days'
80.2655 	EXP 	fixation: autoDraw = True
81.2491 	INFO 	Keyboard events cleared
81.2487 	EXP 	text: autoDraw = True
81.2648 	EXP 	fixation: autoDraw = False
82.2153 	EXP 	New trial (rep=5, index=2): <Trial 37 (2 in rep 5) data={'reward_today': 15, 'future_reward': 35, 'delay': 13, 'thisN': 37, 'thisTrialN': 2, 'thisRepN': 5}>
82.2192 	DATA 	Keypress: t
82.2306 	EXP 	fixation: autoDraw = False
82.2306 	EXP 	text: autoDraw = False
82.2306 	EXP 	text: height = 0.05
82.2306 	EXP 	text: height = 0.05
82.2306 	EXP 	text: height = 0.05
82.2306 	EXP 	text: text = 'GBP 15 today or GBP 35 after 13 days'
82.2306 	EXP 	fixation: autoDraw = True
83.2139 	INFO 	Keyboard events cleared
83.2135 	EXP 	text: autoDraw = True
83.2295 	EXP 	fixation: autoDraw = False
83.7636 	EXP 	New trial (rep=5, index=3): <Trial 38 (3 in rep 5) data={'reward_today': 27, 'future_reward': 50, 'delay': 21, 'thisN': 38, 'thisTrialN': 3, 'thisRepN': 5}>
83.7680 	DATA 	Keypress: l
83.7795 	EXP 	fixation: autoDraw = False
83.7795 	EXP 	text: autoDraw = False
83.7795 	EXP 	text: height = 0.05
83.7795 	EXP 	text: height = 0.05
83.7795 	EXP 	text: height = 0.05
83.7795 	EXP 	text: text = 'GBP 27 today or GBP 50 after 21 days'
83.7795 	EXP 	fixation: autoDraw = True
84.7635 	INFO 	Keyboard events cleared
84.7631 	EXP 	text: autoDraw = True
84.7788 	EXP 	fixation: autoDraw = False
85.4306 	EXP 	New trial (rep=5, index=4): <Trial 39 (4 in rep 5) data={'reward_today': 78, 'future_reward': 80, 'delay': 162, 'thisN': 39, 'thisTrialN': 4, 'thisRepN': 5}>
85.4345 	DATA 	Keypress: l
85.4459 	EXP 	fixation: autoDraw = False
85.4459 	EXP 	text: autoDraw = False
85.4459 	EXP 	text: height = 0.05
85.4459 	EXP 	text: height = 0.05
85.4459 	EXP 	text: height = 0.05
85.4459 	EXP 	text: text = 'GBP 78 today or GBP 80 after 162 days'
85.4459 	EXP 	fixation: autoDraw = True
86.4468 	INFO 	Keyboard events cleared
86.4462 	EXP 	fixation: autoDraw = False
86.4462 	EXP 	text: autoDraw = True
87.2956 	EXP 	New trial (rep=5, index=5): <Trial 40 (5 in rep 5) data={'reward_today': 40, 'future_reward': 55, 'delay': 62, 'thisN': 40, 'thisTrialN': 5, 'thisRepN': 5}>
87.3001 	DATA 	Keypress: t
87.3114 	EXP 	fixation: autoDraw = False
87.3114 	EXP 	text: autoDraw = False
87.3114 	EXP 	text: height = 0.05
87.3114 	EXP 	text: height = 0.05
87.3114 	EXP 	text: height = 0.05
87.3114 	EXP 	text: text = 'GBP 40 today or GBP 55 after 62 days'
87.3114 	EXP 	fixation: autoDraw = True
88.2955 	INFO 	Keyboard events cleared
88.2951 	EXP 	text: autoDraw = True
88.3118 	EXP 	fixation: autoDraw = False
89.5124 	EXP 	New trial (rep=5, index=6): <Trial 41 (6 in rep 5) data={'reward_today': 11, 'future_reward': 30, 'delay': 7, 'thisN': 41, 'thisTrialN': 6, 'thisRepN': 5}>
89.5164 	DATA 	Keypress: t
89.5276 	EXP 	fixation: autoDraw = False
89.5276 	EXP 	text: autoDraw = False
89.5276 	EXP 	text: height = 0.05
89.5276 	EXP 	text: height = 0.05
89.5276 	EXP 	text: height = 0.05
89.5276 	EXP 	text: text = 'GBP 11 today or GBP 30 after 7 days'
89.5276 	EXP 	fixation: autoDraw = True
90.5114 	INFO 	Keyboard events cleared
90.5110 	EXP 	text: autoDraw = True
90.5271 	EXP 	fixation: autoDraw = False
91.2616 	EXP 	New trial (rep=6, index=0): <Trial 42 (0 in rep 6) data={'reward_today': 78, 'future_reward': 80, 'delay': 162, 'thisN': 42, 'thisTrialN': 0, 'thisRepN': 6}>
91.2657 	DATA 	Keypress: l
91.2768 	EXP 	fixation: autoDraw = False
91.2768 	EXP 	text: autoDraw = False
91.2768 	EXP 	text: height = 0.05
91.2768 	EXP 	text: height = 0.05
91.2768 	EXP 	text: height = 0.05
91.2768 	EXP 	text: text = 'GBP 78 today or GBP 80 after 162 days'
91.2768 	EXP 	fixation: autoDraw = True
92.2771 	INFO 	Keyboard events cleared
92.2766 	EXP 	fixation: autoDraw = False
92.2766 	EXP 	text: autoDraw = True
92.9272 	EXP 	New trial (rep=6, index=1): <Trial 43 (1 in rep 6) data={'reward_today': 67, 'future_reward': 75, 'delay': 119, 'thisN': 43, 'thisTrialN': 1, 'thisRepN': 6}>
92.9313 	DATA 	Keypress: t
92.9427 	EXP 	fixation: autoDraw = False
92.9427 	EXP 	text: autoDraw = False
92.9427 	EXP 	text: height = 0.05
92.9427 	EXP 	text: height = 0.05
92.9427 	EXP 	text: height = 0.05
92.9427 	EXP 	text: text = 'GBP 67 today or GBP 75 after 119 days'
92.9427 	EXP 	fixation: autoDraw = True
93.9434 	INFO 	Keyboard events cleared
93.9430 	EXP 	fixation: autoDraw = False
93.9430 	EXP 	text: autoDraw = True
95.1596 	EXP 	New trial (rep=6, index=2): <Trial 44 (2 in rep 6) data={'reward_today': 40, 'future_reward': 55, 'delay': 62, 'thisN': 44, 'thisTrialN': 2, 'thisRepN': 6}>
95.1641 	DATA 	Keypress: t
95.1748 	EXP 	fixation: autoDraw = False
95.1748 	EXP 	text: autoDraw = False
95.1748 	EXP 	text: height = 0.05
95.1748 	EXP 	text: height = 0.05
95.1748 	EXP 	text: height = 0.05
95.1748 	EXP 	text: text = 'GBP 40 today or GBP 55 after 62 days'
95.1748 	EXP 	fixation: autoDraw = True
96.1756 	INFO 	Keyboard events cleared
96.1751 	EXP 	fixation: autoDraw = False
96.1751 	EXP 	text: autoDraw = True
97.1255 	EXP 	New trial (rep=6, index=3): <Trial 45 (3 in rep 6) data={'reward_today': 27, 'future_reward': 50, 'delay': 21, 'thisN': 45, 'thisTrialN': 3, 'thisRepN': 6}>
97.1298 	DATA 	Keypress: t
97.1404 	EXP 	fixation: autoDraw = False
97.1404 	EXP 	text: autoDraw = False
97.1404 	EXP 	text: height = 0.05
97.1404 	EXP 	text: height = 0.05
97.1404 	EXP 	text: height = 0.05
97.1404 	EXP 	text: text = 'GBP 27 today or GBP 50 after 21 days'
97.1404 	EXP 	fixation: autoDraw = True
98.1247 	INFO 	Keyboard events cleared
98.1242 	EXP 	text: autoDraw = True
98.1409 	EXP 	fixation: autoDraw = False
98.7583 	EXP 	New trial (rep=6, index=4): <Trial 46 (4 in rep 6) data={'reward_today': 49, 'future_reward': 60, 'delay': 89, 'thisN': 46, 'thisTrialN': 4, 'thisRepN': 6}>
98.7625 	DATA 	Keypress: l
98.7735 	EXP 	fixation: autoDraw = False
98.7735 	EXP 	text: autoDraw = False
98.7735 	EXP 	text: height = 0.05
98.7735 	EXP 	text: height = 0.05
98.7735 	EXP 	text: height = 0.05
98.7735 	EXP 	text: text = 'GBP 49 today or GBP 60 after 89 days'
98.7735 	EXP 	fixation: autoDraw = True
99.7734 	INFO 	Keyboard events cleared
99.7730 	EXP 	fixation: autoDraw = False
99.7730 	EXP 	text: autoDraw = True
100.3740 	EXP 	New trial (rep=6, index=5): <Trial 47 (5 in rep 6) data={'reward_today': 11, 'future_reward': 30, 'delay': 7, 'thisN': 47, 'thisTrialN': 5, 'thisRepN': 6}>
100.3780 	DATA 	Keypress: t
100.3893 	EXP 	fixation: autoDraw = False
100.3893 	EXP 	text: autoDraw = False
100.3893 	EXP 	text: height = 0.05
100.3893 	EXP 	text: height = 0.05
100.3893 	EXP 	text: height = 0.05
100.3893 	EXP 	text: text = 'GBP 11 today or GBP 30 after 7 days'
100.3893 	EXP 	fixation: autoDraw = True
101.3898 	INFO 	Keyboard events cleared
101.3893 	EXP 	fixation: autoDraw = False
101.3893 	EXP 	text: autoDraw = True
101.9402 	EXP 	New trial (rep=6, index=6): <Trial 48 (6 in rep 6) data={'reward_today': 15, 'future_reward': 35, 'delay': 13, 'thisN': 48, 'thisTrialN': 6, 'thisRepN': 6}>
101.9443 	DATA 	Keypress: l
101.9552 	EXP 	fixation: autoDraw = False
101.9552 	EXP 	text: autoDraw = False
101.9552 	EXP 	text: height = 0.05
101.9552 	EXP 	text: height = 0.05
101.9552 	EXP 	text: height = 0.05
101.9552 	EXP 	text: text = 'GBP 15 today or GBP 35 after 13 days'
101.9552 	EXP 	fixation: autoDraw = True
102.9552 	INFO 	Keyboard events cleared
102.9548 	EXP 	fixation: autoDraw = False
102.9548 	EXP 	text: autoDraw = True
104.0392 	EXP 	New trial (rep=7, index=0): <Trial 49 (0 in rep 7) data={'reward_today': 78, 'future_reward': 80, 'delay': 162, 'thisN': 49, 'thisTrialN': 0, 'thisRepN': 7}>
104.0430 	DATA 	Keypress: l
104.0550 	EXP 	fixation: autoDraw = False
104.0550 	EXP 	text: autoDraw = False
104.0550 	EXP 	text: height = 0.05
104.0550 	EXP 	text: height = 0.05
104.0550 	EXP 	text: height = 0.05
104.0550 	EXP 	text: text = 'GBP 78 today or GBP 80 after 162 days'
104.0550 	EXP 	fixation: autoDraw = True
105.0560 	INFO 	Keyboard events cleared
105.0553 	EXP 	fixation: autoDraw = False
105.0553 	EXP 	text: autoDraw = True
106.1054 	EXP 	New trial (rep=7, index=1): <Trial 50 (1 in rep 7) data={'reward_today': 11, 'future_reward': 30, 'delay': 7, 'thisN': 50, 'thisTrialN': 1, 'thisRepN': 7}>
106.1097 	DATA 	Keypress: t
106.1209 	EXP 	fixation: autoDraw = False
106.1209 	EXP 	text: autoDraw = False
106.1209 	EXP 	text: height = 0.05
106.1209 	EXP 	text: height = 0.05
106.1209 	EXP 	text: height = 0.05
106.1209 	EXP 	text: text = 'GBP 11 today or GBP 30 after 7 days'
106.1209 	EXP 	fixation: autoDraw = True
107.1206 	INFO 	Keyboard events cleared
107.1201 	EXP 	fixation: autoDraw = False
107.1201 	EXP 	text: autoDraw = True
107.7534 	EXP 	New trial (rep=7, index=2): <Trial 51 (2 in rep 7) data={'reward_today': 15, 'future_reward': 35, 'delay': 13, 'thisN': 51, 'thisTrialN': 2, 'thisRepN': 7}>
107.7573 	DATA 	Keypress: l
107.7699 	EXP 	fixation: autoDraw = False
107.7699 	EXP 	text: autoDraw = False
107.7699 	EXP 	text: height = 0.05
107.7699 	EXP 	text: height = 0.05
107.7699 	EXP 	text: height = 0.05
107.7699 	EXP 	text: text = 'GBP 15 today or GBP 35 after 13 days'
107.7699 	EXP 	fixation: autoDraw = True
108.7525 	INFO 	Keyboard events cleared
108.7521 	EXP 	text: autoDraw = True
108.7862 	EXP 	fixation: autoDraw = False
109.3041 	EXP 	New trial (rep=7, index=3): <Trial 52 (3 in rep 7) data={'reward_today': 27, 'future_reward': 50, 'delay': 21, 'thisN': 52, 'thisTrialN': 3, 'thisRepN': 7}>
109.3088 	DATA 	Keypress: l
109.3210 	EXP 	fixation: autoDraw = False
109.3210 	EXP 	text: autoDraw = False
109.3210 	EXP 	text: height = 0.05
109.3210 	EXP 	text: height = 0.05
109.3210 	EXP 	text: height = 0.05
109.3210 	EXP 	text: text = 'GBP 27 today or GBP 50 after 21 days'
109.3210 	EXP 	fixation: autoDraw = True
110.3190 	INFO 	Keyboard events cleared
110.3186 	EXP 	text: autoDraw = True
110.3356 	EXP 	fixation: autoDraw = False
110.9024 	EXP 	New trial (rep=7, index=4): <Trial 53 (4 in rep 7) data={'reward_today': 40, 'future_reward': 55, 'delay': 62, 'thisN': 53, 'thisTrialN': 4, 'thisRepN': 7}>
110.9064 	DATA 	Keypress: l
110.9181 	EXP 	fixation: autoDraw = False
110.9181 	EXP 	text: autoDraw = False
110.9181 	EXP 	text: height = 0.05
110.9181 	EXP 	text: height = 0.05
110.9181 	EXP 	text: height = 0.05
110.9181 	EXP 	text: text = 'GBP 40 today or GBP 55 after 62 days'
110.9181 	EXP 	fixation: autoDraw = True
111.9021 	INFO 	Keyboard events cleared
111.9016 	EXP 	text: autoDraw = True
111.9180 	EXP 	fixation: autoDraw = False
113.3344 	EXP 	New trial (rep=7, index=5): <Trial 54 (5 in rep 7) data={'reward_today': 67, 'future_reward': 75, 'delay': 119, 'thisN': 54, 'thisTrialN': 5, 'thisRepN': 7}>
113.3388 	DATA 	Keypress: l
113.3509 	EXP 	fixation: autoDraw = False
113.3509 	EXP 	text: autoDraw = False
113.3509 	EXP 	text: height = 0.05
113.3509 	EXP 	text: height = 0.05
113.3509 	EXP 	text: height = 0.05
113.3509 	EXP 	text: text = 'GBP 67 today or GBP 75 after 119 days'
113.3509 	EXP 	fixation: autoDraw = True
114.3340 	INFO 	Keyboard events cleared
114.3335 	EXP 	text: autoDraw = True
114.3517 	EXP 	fixation: autoDraw = False
115.7342 	EXP 	New trial (rep=7, index=6): <Trial 55 (6 in rep 7) data={'reward_today': 49, 'future_reward': 60, 'delay': 89, 'thisN': 55, 'thisTrialN': 6, 'thisRepN': 7}>
115.7384 	DATA 	Keypress: t
115.7493 	EXP 	fixation: autoDraw = False
115.7493 	EXP 	text: autoDraw = False
115.7493 	EXP 	text: height = 0.05
115.7493 	EXP 	text: height = 0.05
115.7493 	EXP 	text: height = 0.05
115.7493 	EXP 	text: text = 'GBP 49 today or GBP 60 after 89 days'
115.7493 	EXP 	fixation: autoDraw = True
116.7502 	INFO 	Keyboard events cleared
116.7498 	EXP 	fixation: autoDraw = False
116.7498 	EXP 	text: autoDraw = True
117.7671 	EXP 	New trial (rep=8, index=0): <Trial 56 (0 in rep 8) data={'reward_today': 78, 'future_reward': 80, 'delay': 162, 'thisN': 56, 'thisTrialN': 0, 'thisRepN': 8}>
117.7713 	DATA 	Keypress: t
117.7818 	EXP 	fixation: autoDraw = False
117.7818 	EXP 	text: autoDraw = False
117.7818 	EXP 	text: height = 0.05
117.7818 	EXP 	text: height = 0.05
117.7818 	EXP 	text: height = 0.05
117.7818 	EXP 	text: text = 'GBP 78 today or GBP 80 after 162 days'
117.7818 	EXP 	fixation: autoDraw = True
118.7814 	INFO 	Keyboard events cleared
118.7809 	EXP 	fixation: autoDraw = False
118.7809 	EXP 	text: autoDraw = True
120.7978 	EXP 	New trial (rep=8, index=1): <Trial 57 (1 in rep 8) data={'reward_today': 11, 'future_reward': 30, 'delay': 7, 'thisN': 57, 'thisTrialN': 1, 'thisRepN': 8}>
120.8017 	DATA 	Keypress: t
120.8137 	EXP 	fixation: autoDraw = False
120.8137 	EXP 	text: autoDraw = False
120.8137 	EXP 	text: height = 0.05
120.8137 	EXP 	text: height = 0.05
120.8137 	EXP 	text: height = 0.05
120.8137 	EXP 	text: text = 'GBP 11 today or GBP 30 after 7 days'
120.8137 	EXP 	fixation: autoDraw = True
121.8141 	INFO 	Keyboard events cleared
121.8137 	EXP 	fixation: autoDraw = False
121.8137 	EXP 	text: autoDraw = True
123.2633 	EXP 	New trial (rep=8, index=2): <Trial 58 (2 in rep 8) data={'reward_today': 67, 'future_reward': 75, 'delay': 119, 'thisN': 58, 'thisTrialN': 2, 'thisRepN': 8}>
123.2673 	DATA 	Keypress: l
123.2789 	EXP 	fixation: autoDraw = False
123.2789 	EXP 	text: autoDraw = False
123.2789 	EXP 	text: height = 0.05
123.2789 	EXP 	text: height = 0.05
123.2789 	EXP 	text: height = 0.05
123.2789 	EXP 	text: text = 'GBP 67 today or GBP 75 after 119 days'
123.2789 	EXP 	fixation: autoDraw = True
124.2622 	INFO 	Keyboard events cleared
124.2619 	EXP 	text: autoDraw = True
124.2787 	EXP 	fixation: autoDraw = False
125.1637 	EXP 	New trial (rep=8, index=3): <Trial 59 (3 in rep 8) data={'reward_today': 40, 'future_reward': 55, 'delay': 62, 'thisN': 59, 'thisTrialN': 3, 'thisRepN': 8}>
125.1676 	DATA 	Keypress: t
125.1796 	EXP 	fixation: autoDraw = False
125.1796 	EXP 	text: autoDraw = False
125.1796 	EXP 	text: height = 0.05
125.1796 	EXP 	text: height = 0.05
125.1796 	EXP 	text: height = 0.05
125.1796 	EXP 	text: text = 'GBP 40 today or GBP 55 after 62 days'
125.1796 	EXP 	fixation: autoDraw = True
126.1793 	INFO 	Keyboard events cleared
126.1789 	EXP 	fixation: autoDraw = False
126.1789 	EXP 	text: autoDraw = True
128.8621 	EXP 	New trial (rep=8, index=4): <Trial 60 (4 in rep 8) data={'reward_today': 15, 'future_reward': 35, 'delay': 13, 'thisN': 60, 'thisTrialN': 4, 'thisRepN': 8}>
128.8669 	DATA 	Keypress: l
128.8775 	EXP 	fixation: autoDraw = False
128.8775 	EXP 	text: autoDraw = False
128.8775 	EXP 	text: height = 0.05
128.8775 	EXP 	text: height = 0.05
128.8775 	EXP 	text: height = 0.05
128.8775 	EXP 	text: text = 'GBP 15 today or GBP 35 after 13 days'
128.8775 	EXP 	fixation: autoDraw = True
129.8779 	INFO 	Keyboard events cleared
129.8774 	EXP 	fixation: autoDraw = False
129.8774 	EXP 	text: autoDraw = True
130.6777 	EXP 	New trial (rep=8, index=5): <Trial 61 (5 in rep 8) data={'reward_today': 27, 'future_reward': 50, 'delay': 21, 'thisN': 61, 'thisTrialN': 5, 'thisRepN': 8}>
130.6817 	DATA 	Keypress: l
130.6931 	EXP 	fixation: autoDraw = False
130.6931 	EXP 	text: autoDraw = False
130.6931 	EXP 	text: height = 0.05
130.6931 	EXP 	text: height = 0.05
130.6931 	EXP 	text: height = 0.05
130.6931 	EXP 	text: text = 'GBP 27 today or GBP 50 after 21 days'
130.6931 	EXP 	fixation: autoDraw = True
131.6925 	INFO 	Keyboard events cleared
131.6922 	EXP 	fixation: autoDraw = False
131.6922 	EXP 	text: autoDraw = True
132.7596 	EXP 	New trial (rep=8, index=6): <Trial 62 (6 in rep 8) data={'reward_today': 49, 'future_reward': 60, 'delay': 89, 'thisN': 62, 'thisTrialN': 6, 'thisRepN': 8}>
132.7640 	DATA 	Keypress: l
132.7753 	EXP 	fixation: autoDraw = False
132.7753 	EXP 	text: autoDraw = False
132.7753 	EXP 	text: height = 0.05
132.7753 	EXP 	text: height = 0.05
132.7753 	EXP 	text: height = 0.05
132.7753 	EXP 	text: text = 'GBP 49 today or GBP 60 after 89 days'
132.7753 	EXP 	fixation: autoDraw = True
133.7592 	INFO 	Keyboard events cleared
133.7588 	EXP 	text: autoDraw = True
133.7752 	EXP 	fixation: autoDraw = False
134.8255 	EXP 	New trial (rep=9, index=0): <Trial 63 (0 in rep 9) data={'reward_today': 15, 'future_reward': 35, 'delay': 13, 'thisN': 63, 'thisTrialN': 0, 'thisRepN': 9}>
134.8294 	DATA 	Keypress: t
134.8405 	EXP 	fixation: autoDraw = False
134.8405 	EXP 	text: autoDraw = False
134.8405 	EXP 	text: height = 0.05
134.8405 	EXP 	text: height = 0.05
134.8405 	EXP 	text: height = 0.05
134.8405 	EXP 	text: text = 'GBP 15 today or GBP 35 after 13 days'
134.8405 	EXP 	fixation: autoDraw = True
135.8417 	INFO 	Keyboard events cleared
135.8413 	EXP 	fixation: autoDraw = False
135.8413 	EXP 	text: autoDraw = True
136.4100 	DATA 	Keypress: l
136.4250 	EXP 	New trial (rep=9, index=1): <Trial 64 (1 in rep 9) data={'reward_today': 49, 'future_reward': 60, 'delay': 89, 'thisN': 64, 'thisTrialN': 1, 'thisRepN': 9}>
136.4405 	EXP 	fixation: autoDraw = False
136.4405 	EXP 	text: autoDraw = False
136.4405 	EXP 	text: height = 0.05
136.4405 	EXP 	text: height = 0.05
136.4405 	EXP 	text: height = 0.05
136.4405 	EXP 	text: text = 'GBP 49 today or GBP 60 after 89 days'
136.4405 	EXP 	fixation: autoDraw = True
137.4246 	INFO 	Keyboard events cleared
137.4241 	EXP 	text: autoDraw = True
137.4399 	EXP 	fixation: autoDraw = False
138.4236 	EXP 	New trial (rep=9, index=2): <Trial 65 (2 in rep 9) data={'reward_today': 27, 'future_reward': 50, 'delay': 21, 'thisN': 65, 'thisTrialN': 2, 'thisRepN': 9}>
138.4275 	DATA 	Keypress: t
138.4399 	EXP 	fixation: autoDraw = False
138.4399 	EXP 	text: autoDraw = False
138.4399 	EXP 	text: height = 0.05
138.4399 	EXP 	text: height = 0.05
138.4399 	EXP 	text: height = 0.05
138.4399 	EXP 	text: text = 'GBP 27 today or GBP 50 after 21 days'
138.4399 	EXP 	fixation: autoDraw = True
139.4243 	INFO 	Keyboard events cleared
139.4238 	EXP 	text: autoDraw = True
139.4397 	EXP 	fixation: autoDraw = False
140.0240 	EXP 	New trial (rep=9, index=3): <Trial 66 (3 in rep 9) data={'reward_today': 11, 'future_reward': 30, 'delay': 7, 'thisN': 66, 'thisTrialN': 3, 'thisRepN': 9}>
140.0281 	DATA 	Keypress: l
140.0394 	EXP 	fixation: autoDraw = False
140.0394 	EXP 	text: autoDraw = False
140.0394 	EXP 	text: height = 0.05
140.0394 	EXP 	text: height = 0.05
140.0394 	EXP 	text: height = 0.05
140.0394 	EXP 	text: text = 'GBP 11 today or GBP 30 after 7 days'
140.0394 	EXP 	fixation: autoDraw = True
141.0399 	INFO 	Keyboard events cleared
141.0394 	EXP 	fixation: autoDraw = False
141.0394 	EXP 	text: autoDraw = True
141.4733 	DATA 	Keypress: l
141.4896 	EXP 	New trial (rep=9, index=4): <Trial 67 (4 in rep 9) data={'reward_today': 40, 'future_reward': 55, 'delay': 62, 'thisN': 67, 'thisTrialN': 4, 'thisRepN': 9}>
141.5048 	EXP 	fixation: autoDraw = False
141.5048 	EXP 	text: autoDraw = False
141.5048 	EXP 	text: height = 0.05
141.5048 	EXP 	text: height = 0.05
141.5048 	EXP 	text: height = 0.05
141.5048 	EXP 	text: text = 'GBP 40 today or GBP 55 after 62 days'
141.5048 	EXP 	fixation: autoDraw = True
142.5051 	INFO 	Keyboard events cleared
142.5047 	EXP 	fixation: autoDraw = False
142.5047 	EXP 	text: autoDraw = True
143.2056 	EXP 	New trial (rep=9, index=5): <Trial 68 (5 in rep 9) data={'reward_today': 78, 'future_reward': 80, 'delay': 162, 'thisN': 68, 'thisTrialN': 5, 'thisRepN': 9}>
143.2095 	DATA 	Keypress: t
143.2205 	EXP 	fixation: autoDraw = False
143.2205 	EXP 	text: autoDraw = False
143.2205 	EXP 	text: height = 0.05
143.2205 	EXP 	text: height = 0.05
143.2205 	EXP 	text: height = 0.05
143.2205 	EXP 	text: text = 'GBP 78 today or GBP 80 after 162 days'
143.2205 	EXP 	fixation: autoDraw = True
144.2043 	INFO 	Keyboard events cleared
144.2039 	EXP 	text: autoDraw = True
144.2213 	EXP 	fixation: autoDraw = False
144.7213 	EXP 	New trial (rep=9, index=6): <Trial 69 (6 in rep 9) data={'reward_today': 67, 'future_reward': 75, 'delay': 119, 'thisN': 69, 'thisTrialN': 6, 'thisRepN': 9}>
144.7251 	DATA 	Keypress: t
144.7370 	EXP 	fixation: autoDraw = False
144.7370 	EXP 	text: autoDraw = False
144.7370 	EXP 	text: height = 0.05
144.7370 	EXP 	text: height = 0.05
144.7370 	EXP 	text: height = 0.05
144.7370 	EXP 	text: text = 'GBP 67 today or GBP 75 after 119 days'
144.7370 	EXP 	fixation: autoDraw = True
145.7369 	INFO 	Keyboard events cleared
145.7365 	EXP 	text: autoDraw = True
145.7528 	EXP 	fixation: autoDraw = False
146.7041 	EXP 	New trial (rep=10, index=0): <Trial 70 (0 in rep 10) data={'reward_today': 40, 'future_reward': 55, 'delay': 62, 'thisN': 70, 'thisTrialN': 0, 'thisRepN': 10}>
146.7087 	DATA 	Keypress: t
146.7193 	EXP 	fixation: autoDraw = False
146.7193 	EXP 	text: autoDraw = False
146.7193 	EXP 	text: height = 0.05
146.7193 	EXP 	text: height = 0.05
146.7193 	EXP 	text: height = 0.05
146.7193 	EXP 	text: text = 'GBP 40 today or GBP 55 after 62 days'
146.7193 	EXP 	fixation: autoDraw = True
147.7214 	INFO 	Keyboard events cleared
147.7209 	EXP 	fixation: autoDraw = False
147.7209 	EXP 	text: autoDraw = True
148.4871 	EXP 	New trial (rep=10, index=1): <Trial 71 (1 in rep 10) data={'reward_today': 27, 'future_reward': 50, 'delay': 21, 'thisN': 71, 'thisTrialN': 1, 'thisRepN': 10}>
148.4913 	DATA 	Keypress: t
148.5031 	EXP 	fixation: autoDraw = False
148.5031 	EXP 	text: autoDraw = False
148.5031 	EXP 	text: height = 0.05
148.5031 	EXP 	text: height = 0.05
148.5031 	EXP 	text: height = 0.05
148.5031 	EXP 	text: text = 'GBP 27 today or GBP 50 after 21 days'
148.5031 	EXP 	fixation: autoDraw = True
149.5024 	INFO 	Keyboard events cleared
149.5020 	EXP 	text: autoDraw = True
149.5181 	EXP 	fixation: autoDraw = False
150.1016 	EXP 	New trial (rep=10, index=2): <Trial 72 (2 in rep 10) data={'reward_today': 11, 'future_reward': 30, 'delay': 7, 'thisN': 72, 'thisTrialN': 2, 'thisRepN': 10}>
150.1057 	DATA 	Keypress: l
150.1187 	EXP 	fixation: autoDraw = False
150.1187 	EXP 	text: autoDraw = False
150.1187 	EXP 	text: height = 0.05
150.1187 	EXP 	text: height = 0.05
150.1187 	EXP 	text: height = 0.05
150.1187 	EXP 	text: text = 'GBP 11 today or GBP 30 after 7 days'
150.1187 	EXP 	fixation: autoDraw = True
151.1016 	INFO 	Keyboard events cleared
151.1011 	EXP 	text: autoDraw = True
151.1181 	EXP 	fixation: autoDraw = False
151.6021 	EXP 	New trial (rep=10, index=3): <Trial 73 (3 in rep 10) data={'reward_today': 67, 'future_reward': 75, 'delay': 119, 'thisN': 73, 'thisTrialN': 3, 'thisRepN': 10}>
151.6061 	DATA 	Keypress: l
151.6172 	EXP 	fixation: autoDraw = False
151.6172 	EXP 	text: autoDraw = False
151.6172 	EXP 	text: height = 0.05
151.6172 	EXP 	text: height = 0.05
151.6172 	EXP 	text: height = 0.05
151.6172 	EXP 	text: text = 'GBP 67 today or GBP 75 after 119 days'
151.6172 	EXP 	fixation: autoDraw = True
152.6176 	INFO 	Keyboard events cleared
152.6171 	EXP 	fixation: autoDraw = False
152.6171 	EXP 	text: autoDraw = True
153.1676 	EXP 	New trial (rep=10, index=4): <Trial 74 (4 in rep 10) data={'reward_today': 15, 'future_reward': 35, 'delay': 13, 'thisN': 74, 'thisTrialN': 4, 'thisRepN': 10}>
153.1720 	DATA 	Keypress: t
153.1831 	EXP 	fixation: autoDraw = False
153.1831 	EXP 	text: autoDraw = False
153.1831 	EXP 	text: height = 0.05
153.1831 	EXP 	text: height = 0.05
153.1831 	EXP 	text: height = 0.05
153.1831 	EXP 	text: text = 'GBP 15 today or GBP 35 after 13 days'
153.1831 	EXP 	fixation: autoDraw = True
154.1833 	INFO 	Keyboard events cleared
154.1829 	EXP 	fixation: autoDraw = False
154.1829 	EXP 	text: autoDraw = True
154.7501 	EXP 	New trial (rep=10, index=5): <Trial 75 (5 in rep 10) data={'reward_today': 49, 'future_reward': 60, 'delay': 89, 'thisN': 75, 'thisTrialN': 5, 'thisRepN': 10}>
154.7541 	DATA 	Keypress: l
154.7661 	EXP 	fixation: autoDraw = False
154.7661 	EXP 	text: autoDraw = False
154.7661 	EXP 	text: height = 0.05
154.7661 	EXP 	text: height = 0.05
154.7661 	EXP 	text: height = 0.05
154.7661 	EXP 	text: text = 'GBP 49 today or GBP 60 after 89 days'
154.7661 	EXP 	fixation: autoDraw = True
155.7669 	INFO 	Keyboard events cleared
155.7663 	EXP 	fixation: autoDraw = False
155.7663 	EXP 	text: autoDraw = True
156.3343 	EXP 	New trial (rep=10, index=6): <Trial 76 (6 in rep 10) data={'reward_today': 78, 'future_reward': 80, 'delay': 162, 'thisN': 76, 'thisTrialN': 6, 'thisRepN': 10}>
156.3383 	DATA 	Keypress: t
156.3489 	EXP 	fixation: autoDraw = False
156.3489 	EXP 	text: autoDraw = False
156.3489 	EXP 	text: height = 0.05
156.3489 	EXP 	text: height = 0.05
156.3489 	EXP 	text: height = 0.05
156.3489 	EXP 	text: text = 'GBP 78 today or GBP 80 after 162 days'
156.3489 	EXP 	fixation: autoDraw = True
157.3492 	INFO 	Keyboard events cleared
157.3488 	EXP 	fixation: autoDraw = False
157.3488 	EXP 	text: autoDraw = True
157.9845 	DATA 	Keypress: t
158.0000 	EXP 	New trial (rep=11, index=0): <Trial 77 (0 in rep 11) data={'reward_today': 67, 'future_reward': 75, 'delay': 119, 'thisN': 77, 'thisTrialN': 0, 'thisRepN': 11}>
158.0153 	EXP 	fixation: autoDraw = False
158.0153 	EXP 	text: autoDraw = False
158.0153 	EXP 	text: height = 0.05
158.0153 	EXP 	text: height = 0.05
158.0153 	EXP 	text: height = 0.05
158.0153 	EXP 	text: text = 'GBP 67 today or GBP 75 after 119 days'
158.0153 	EXP 	fixation: autoDraw = True
159.0156 	INFO 	Keyboard events cleared
159.0152 	EXP 	text: autoDraw = True
159.0316 	EXP 	fixation: autoDraw = False
161.3806 	EXP 	New trial (rep=11, index=1): <Trial 78 (1 in rep 11) data={'reward_today': 40, 'future_reward': 55, 'delay': 62, 'thisN': 78, 'thisTrialN': 1, 'thisRepN': 11}>
161.3848 	DATA 	Keypress: t
161.3969 	EXP 	fixation: autoDraw = False
161.3969 	EXP 	text: autoDraw = False
161.3969 	EXP 	text: height = 0.05
161.3969 	EXP 	text: height = 0.05
161.3969 	EXP 	text: height = 0.05
161.3969 	EXP 	text: text = 'GBP 40 today or GBP 55 after 62 days'
161.3969 	EXP 	fixation: autoDraw = True
162.3971 	INFO 	Keyboard events cleared
162.3966 	EXP 	fixation: autoDraw = False
162.3966 	EXP 	text: autoDraw = True
163.1476 	EXP 	New trial (rep=11, index=2): <Trial 79 (2 in rep 11) data={'reward_today': 27, 'future_reward': 50, 'delay': 21, 'thisN': 79, 'thisTrialN': 2, 'thisRepN': 11}>
163.1515 	DATA 	Keypress: t
163.1627 	EXP 	fixation: autoDraw = False
163.1627 	EXP 	text: autoDraw = False
163.1627 	EXP 	text: height = 0.05
163.1627 	EXP 	text: height = 0.05
163.1627 	EXP 	text: height = 0.05
163.1627 	EXP 	text: text = 'GBP 27 today or GBP 50 after 21 days'
163.1627 	EXP 	fixation: autoDraw = True
164.1627 	INFO 	Keyboard events cleared
164.1623 	EXP 	fixation: autoDraw = False
164.1623 	EXP 	text: autoDraw = True
164.8297 	EXP 	New trial (rep=11, index=3): <Trial 80 (3 in rep 11) data={'reward_today': 11, 'future_reward': 30, 'delay': 7, 'thisN': 80, 'thisTrialN': 3, 'thisRepN': 11}>
164.8338 	DATA 	Keypress: l
164.8448 	EXP 	fixation: autoDraw = False
164.8448 	EXP 	text: autoDraw = False
164.8448 	EXP 	text: height = 0.05
164.8448 	EXP 	text: height = 0.05
164.8448 	EXP 	text: height = 0.05
164.8448 	EXP 	text: text = 'GBP 11 today or GBP 30 after 7 days'
164.8448 	EXP 	fixation: autoDraw = True
165.8449 	INFO 	Keyboard events cleared
165.8445 	EXP 	fixation: autoDraw = False
165.8445 	EXP 	text: autoDraw = True
166.4293 	EXP 	New trial (rep=11, index=4): <Trial 81 (4 in rep 11) data={'reward_today': 49, 'future_reward': 60, 'delay': 89, 'thisN': 81, 'thisTrialN': 4, 'thisRepN': 11}>
166.4334 	DATA 	Keypress: l
166.4438 	EXP 	fixation: autoDraw = False
166.4438 	EXP 	text: autoDraw = False
166.4438 	EXP 	text: height = 0.05
166.4438 	EXP 	text: height = 0.05
166.4438 	EXP 	text: height = 0.05
166.4438 	EXP 	text: text = 'GBP 49 today or GBP 60 after 89 days'
166.4438 	EXP 	fixation: autoDraw = True
167.4450 	INFO 	Keyboard events cleared
167.4445 	EXP 	fixation: autoDraw = False
167.4445 	EXP 	text: autoDraw = True
168.4267 	EXP 	New trial (rep=11, index=5): <Trial 82 (5 in rep 11) data={'reward_today': 78, 'future_reward': 80, 'delay': 162, 'thisN': 82, 'thisTrialN': 5, 'thisRepN': 11}>
168.4307 	DATA 	Keypress: t
168.4441 	EXP 	fixation: autoDraw = False
168.4441 	EXP 	text: autoDraw = False
168.4441 	EXP 	text: height = 0.05
168.4441 	EXP 	text: height = 0.05
168.4441 	EXP 	text: height = 0.05
168.4441 	EXP 	text: text = 'GBP 78 today or GBP 80 after 162 days'
168.4441 	EXP 	fixation: autoDraw = True
169.4275 	INFO 	Keyboard events cleared
169.4270 	EXP 	text: autoDraw = True
169.4435 	EXP 	fixation: autoDraw = False
169.9277 	EXP 	New trial (rep=11, index=6): <Trial 83 (6 in rep 11) data={'reward_today': 15, 'future_reward': 35, 'delay': 13, 'thisN': 83, 'thisTrialN': 6, 'thisRepN': 11}>
169.9316 	DATA 	Keypress: t
169.9427 	EXP 	fixation: autoDraw = False
169.9427 	EXP 	text: autoDraw = False
169.9427 	EXP 	text: height = 0.05
169.9427 	EXP 	text: height = 0.05
169.9427 	EXP 	text: height = 0.05
169.9427 	EXP 	text: text = 'GBP 15 today or GBP 35 after 13 days'
169.9427 	EXP 	fixation: autoDraw = True
170.9435 	INFO 	Keyboard events cleared
170.9431 	EXP 	fixation: autoDraw = False
170.9431 	EXP 	text: autoDraw = True
171.5598 	EXP 	New trial (rep=12, index=0): <Trial 84 (0 in rep 12) data={'reward_today': 49, 'future_reward': 60, 'delay': 89, 'thisN': 84, 'thisTrialN': 0, 'thisRepN': 12}>
171.5639 	DATA 	Keypress: l
171.5753 	EXP 	fixation: autoDraw = False
171.5753 	EXP 	text: autoDraw = False
171.5753 	EXP 	text: height = 0.05
171.5753 	EXP 	text: height = 0.05
171.5753 	EXP 	text: height = 0.05
171.5753 	EXP 	text: text = 'GBP 49 today or GBP 60 after 89 days'
171.5753 	EXP 	fixation: autoDraw = True
172.5757 	INFO 	Keyboard events cleared
172.5753 	EXP 	fixation: autoDraw = False
172.5753 	EXP 	text: autoDraw = True
173.1760 	EXP 	New trial (rep=12, index=1): <Trial 85 (1 in rep 12) data={'reward_today': 78, 'future_reward': 80, 'delay': 162, 'thisN': 85, 'thisTrialN': 1, 'thisRepN': 12}>
173.1798 	DATA 	Keypress: t
173.1919 	EXP 	fixation: autoDraw = False
173.1919 	EXP 	text: autoDraw = False
173.1919 	EXP 	text: height = 0.05
173.1919 	EXP 	text: height = 0.05
173.1919 	EXP 	text: height = 0.05
173.1919 	EXP 	text: text = 'GBP 78 today or GBP 80 after 162 days'
173.1919 	EXP 	fixation: autoDraw = True
174.1922 	INFO 	Keyboard events cleared
174.1915 	EXP 	fixation: autoDraw = False
174.1915 	EXP 	text: autoDraw = True
174.7104 	EXP 	New trial (rep=12, index=2): <Trial 86 (2 in rep 12) data={'reward_today': 15, 'future_reward': 35, 'delay': 13, 'thisN': 86, 'thisTrialN': 2, 'thisRepN': 12}>
174.7144 	DATA 	Keypress: t
174.7255 	EXP 	fixation: autoDraw = False
174.7255 	EXP 	text: autoDraw = False
174.7255 	EXP 	text: height = 0.05
174.7255 	EXP 	text: height = 0.05
174.7255 	EXP 	text: height = 0.05
174.7255 	EXP 	text: text = 'GBP 15 today or GBP 35 after 13 days'
174.7255 	EXP 	fixation: autoDraw = True
175.7250 	INFO 	Keyboard events cleared
175.7244 	EXP 	text: autoDraw = True
175.7402 	EXP 	fixation: autoDraw = False
176.2903 	EXP 	New trial (rep=12, index=3): <Trial 87 (3 in rep 12) data={'reward_today': 67, 'future_reward': 75, 'delay': 119, 'thisN': 87, 'thisTrialN': 3, 'thisRepN': 12}>
176.2942 	DATA 	Keypress: l
176.3072 	EXP 	fixation: autoDraw = False
176.3072 	EXP 	text: autoDraw = False
176.3072 	EXP 	text: height = 0.05
176.3072 	EXP 	text: height = 0.05
176.3072 	EXP 	text: height = 0.05
176.3072 	EXP 	text: text = 'GBP 67 today or GBP 75 after 119 days'
176.3072 	EXP 	fixation: autoDraw = True
177.2900 	INFO 	Keyboard events cleared
177.2896 	EXP 	text: autoDraw = True
177.3064 	EXP 	fixation: autoDraw = False
177.7898 	EXP 	New trial (rep=12, index=4): <Trial 88 (4 in rep 12) data={'reward_today': 40, 'future_reward': 55, 'delay': 62, 'thisN': 88, 'thisTrialN': 4, 'thisRepN': 12}>
177.7939 	DATA 	Keypress: t
177.8057 	EXP 	fixation: autoDraw = False
177.8057 	EXP 	text: autoDraw = False
177.8057 	EXP 	text: height = 0.05
177.8057 	EXP 	text: height = 0.05
177.8057 	EXP 	text: height = 0.05
177.8057 	EXP 	text: text = 'GBP 40 today or GBP 55 after 62 days'
177.8057 	EXP 	fixation: autoDraw = True
178.7895 	INFO 	Keyboard events cleared
178.7891 	EXP 	text: autoDraw = True
178.8052 	EXP 	fixation: autoDraw = False
179.3571 	EXP 	New trial (rep=12, index=5): <Trial 89 (5 in rep 12) data={'reward_today': 11, 'future_reward': 30, 'delay': 7, 'thisN': 89, 'thisTrialN': 5, 'thisRepN': 12}>
179.3613 	DATA 	Keypress: t
179.3716 	EXP 	fixation: autoDraw = False
179.3716 	EXP 	text: autoDraw = False
179.3716 	EXP 	text: height = 0.05
179.3716 	EXP 	text: height = 0.05
179.3716 	EXP 	text: height = 0.05
179.3716 	EXP 	text: text = 'GBP 11 today or GBP 30 after 7 days'
179.3716 	EXP 	fixation: autoDraw = True
180.3715 	INFO 	Keyboard events cleared
180.3712 	EXP 	fixation: autoDraw = False
180.3712 	EXP 	text: autoDraw = True
180.9738 	EXP 	New trial (rep=12, index=6): <Trial 90 (6 in rep 12) data={'reward_today': 27, 'future_reward': 50, 'delay': 21, 'thisN': 90, 'thisTrialN': 6, 'thisRepN': 12}>
180.9781 	DATA 	Keypress: l
180.9883 	EXP 	fixation: autoDraw = False
180.9883 	EXP 	text: autoDraw = False
180.9883 	EXP 	text: height = 0.05
180.9883 	EXP 	text: height = 0.05
180.9883 	EXP 	text: height = 0.05
180.9883 	EXP 	text: text = 'GBP 27 today or GBP 50 after 21 days'
180.9883 	EXP 	fixation: autoDraw = True
181.9872 	INFO 	Keyboard events cleared
181.9868 	EXP 	text: autoDraw = True
182.0037 	EXP 	fixation: autoDraw = False
182.5375 	EXP 	New trial (rep=13, index=0): <Trial 91 (0 in rep 13) data={'reward_today': 49, 'future_reward': 60, 'delay': 89, 'thisN': 91, 'thisTrialN': 0, 'thisRepN': 13}>
182.5413 	DATA 	Keypress: l
182.5533 	EXP 	fixation: autoDraw = False
182.5533 	EXP 	text: autoDraw = False
182.5533 	EXP 	text: height = 0.05
182.5533 	EXP 	text: height = 0.05
182.5533 	EXP 	text: height = 0.05
182.5533 	EXP 	text: text = 'GBP 49 today or GBP 60 after 89 days'
182.5533 	EXP 	fixation: autoDraw = True
183.5532 	INFO 	Keyboard events cleared
183.5529 	EXP 	fixation: autoDraw = False
183.5529 	EXP 	text: autoDraw = True
183.9870 	EXP 	New trial (rep=13, index=1): <Trial 92 (1 in rep 13) data={'reward_today': 15, 'future_reward': 35, 'delay': 13, 'thisN': 92, 'thisTrialN': 1, 'thisRepN': 13}>
183.9912 	DATA 	Keypress: t
184.0031 	EXP 	fixation: autoDraw = False
184.0031 	EXP 	text: autoDraw = False
184.0031 	EXP 	text: height = 0.05
184.0031 	EXP 	text: height = 0.05
184.0031 	EXP 	text: height = 0.05
184.0031 	EXP 	text: text = 'GBP 15 today or GBP 35 after 13 days'
184.0031 	EXP 	fixation: autoDraw = True
185.0029 	INFO 	Keyboard events cleared
185.0024 	EXP 	text: autoDraw = True
185.0190 	EXP 	fixation: autoDraw = False
185.5206 	DATA 	Keypress: l
185.5371 	EXP 	New trial (rep=13, index=2): <Trial 93 (2 in rep 13) data={'reward_today': 67, 'future_reward': 75, 'delay': 119, 'thisN': 93, 'thisTrialN': 2, 'thisRepN': 13}>
185.5522 	EXP 	fixation: autoDraw = False
185.5522 	EXP 	text: autoDraw = False
185.5522 	EXP 	text: height = 0.05
185.5522 	EXP 	text: height = 0.05
185.5522 	EXP 	text: height = 0.05
185.5522 	EXP 	text: text = 'GBP 67 today or GBP 75 after 119 days'
185.5522 	EXP 	fixation: autoDraw = True
186.5523 	INFO 	Keyboard events cleared
186.5520 	EXP 	fixation: autoDraw = False
186.5520 	EXP 	text: autoDraw = True
187.0029 	EXP 	New trial (rep=13, index=3): <Trial 94 (3 in rep 13) data={'reward_today': 11, 'future_reward': 30, 'delay': 7, 'thisN': 94, 'thisTrialN': 3, 'thisRepN': 13}>
187.0070 	DATA 	Keypress: t
187.0199 	EXP 	fixation: autoDraw = False
187.0199 	EXP 	text: autoDraw = False
187.0199 	EXP 	text: height = 0.05
187.0199 	EXP 	text: height = 0.05
187.0199 	EXP 	text: height = 0.05
187.0199 	EXP 	text: text = 'GBP 11 today or GBP 30 after 7 days'
187.0199 	EXP 	fixation: autoDraw = True
188.0192 	INFO 	Keyboard events cleared
188.0189 	EXP 	text: autoDraw = True
188.0351 	EXP 	fixation: autoDraw = False
188.5186 	EXP 	New trial (rep=13, index=4): <Trial 95 (4 in rep 13) data={'reward_today': 27, 'future_reward': 50, 'delay': 21, 'thisN': 95, 'thisTrialN': 4, 'thisRepN': 13}>
188.5223 	DATA 	Keypress: l
188.5343 	EXP 	fixation: autoDraw = False
188.5343 	EXP 	text: autoDraw = False
188.5343 	EXP 	text: height = 0.05
188.5343 	EXP 	text: height = 0.05
188.5343 	EXP 	text: height = 0.05
188.5343 	EXP 	text: text = 'GBP 27 today or GBP 50 after 21 days'
188.5343 	EXP 	fixation: autoDraw = True
189.5187 	INFO 	Keyboard events cleared
189.5181 	EXP 	text: autoDraw = True
189.5346 	EXP 	fixation: autoDraw = False
190.1349 	EXP 	New trial (rep=13, index=5): <Trial 96 (5 in rep 13) data={'reward_today': 40, 'future_reward': 55, 'delay': 62, 'thisN': 96, 'thisTrialN': 5, 'thisRepN': 13}>
190.1390 	DATA 	Keypress: l
190.1500 	EXP 	fixation: autoDraw = False
190.1500 	EXP 	text: autoDraw = False
190.1500 	EXP 	text: height = 0.05
190.1500 	EXP 	text: height = 0.05
190.1500 	EXP 	text: height = 0.05
190.1500 	EXP 	text: text = 'GBP 40 today or GBP 55 after 62 days'
190.1500 	EXP 	fixation: autoDraw = True
191.1342 	INFO 	Keyboard events cleared
191.1337 	EXP 	text: autoDraw = True
191.1503 	EXP 	fixation: autoDraw = False
191.8170 	EXP 	New trial (rep=13, index=6): <Trial 97 (6 in rep 13) data={'reward_today': 78, 'future_reward': 80, 'delay': 162, 'thisN': 97, 'thisTrialN': 6, 'thisRepN': 13}>
191.8209 	DATA 	Keypress: t
191.8327 	EXP 	fixation: autoDraw = False
191.8327 	EXP 	text: autoDraw = False
191.8327 	EXP 	text: height = 0.05
191.8327 	EXP 	text: height = 0.05
191.8327 	EXP 	text: height = 0.05
191.8327 	EXP 	text: text = 'GBP 78 today or GBP 80 after 162 days'
191.8327 	EXP 	fixation: autoDraw = True
192.8164 	INFO 	Keyboard events cleared
192.8160 	EXP 	text: autoDraw = True
192.8322 	EXP 	fixation: autoDraw = False
193.5170 	DATA 	Keypress: t
193.5334 	EXP 	fixation: autoDraw = False
193.5334 	EXP 	text: autoDraw = False
193.5335 	EXP 	delaydiscounting: status = STOPPED
193.5778 	INFO 	saved data to 'C:\\Users\\User\\Desktop\\AU\\SEM5\\PSY310\\Experiments\\delaydiscounting\\data/319784_delaydiscounting_2024-11-21_15h02.54.603.csv'
193.5795 	INFO 	saved data to C:\Users\User\Desktop\AU\SEM5\PSY310\Experiments\delaydiscounting\data/319784_delaydiscounting_2024-11-21_15h02.54.603.psydat
193.6531 	EXP 	window1: mouseVisible = True
