5.7372 	INFO 	Loaded monitor calibration from ['2024_08_08 19:17']
5.9785 	EXP 	Created window1 = Window(allowGUI=True, allowStencil=False, autoLog=True, backendConf=UNKNOWN, backgroundFit=<method-wrapper '__getattribute__' of attributeSetter object at 0x0000025D59E32340>, backgroundImage=<method-wrapper '__getattribute__' of attributeSetter object at 0x0000025D59E322E0>, bitsMode=UNKNOWN, blendMode='avg', bpc=(8, 8, 8), color=array([0, 0, 0]), colorSpace='rgb', depthBits=8, fullscr=<method-wrapper '__getattribute__' of attributeSetter object at 0x0000025D59E32130>, gamma=None, gammaErrorPolicy='raise', infoMsg=UNKNOWN, lms=UNKNOWN, monitor=<psychopy.monitors.calibTools.Monitor object at 0x0000025D59E49A00>, multiSample=False, name='window1', numSamples=2, pos=[460.0, 300.0], screen=0, size=array([1000,  600]), stencilBits=0, stereo=False, title='PsychoPy', units='height', useFBO=True, useRetina=False, viewOri=0.0, viewPos=None, viewScale=None, waitBlanking=True, winType='pyglet')
5.9786 	EXP 	window1: backgroundImage = ''
5.9786 	EXP 	window1: backgroundFit = 'none'
5.9789 	EXP 	window1: mouseVisible = <method-wrapper '__getattribute__' of attributeSetter object at 0x0000025D59E32460>
5.9790 	EXP 	window1: mouseVisible = <method-wrapper '__getattribute__' of attributeSetter object at 0x0000025D59E32460>
5.9816 	EXP 	window1: mouseVisible = <method-wrapper '__getattribute__' of attributeSetter object at 0x0000025D59E32460>
5.9825 	EXP 	window1: mouseVisible = <method-wrapper '__getattribute__' of attributeSetter object at 0x0000025D59E32460>
6.0352 	EXP 	window1: mouseVisible = <method-wrapper '__getattribute__' of attributeSetter object at 0x0000025D59E32460>
6.0354 	EXP 	window1: mouseVisible = <method-wrapper '__getattribute__' of attributeSetter object at 0x0000025D59E32460>
6.0362 	EXP 	window1: mouseVisible = <method-wrapper '__getattribute__' of attributeSetter object at 0x0000025D59E32460>
6.0370 	EXP 	window1: mouseVisible = <method-wrapper '__getattribute__' of attributeSetter object at 0x0000025D59E32460>
6.0523 	EXP 	window1: Attempting to measure frame rate of screen (0) ...
6.0523 	EXP 	window1: recordFrameIntervals = False
6.2369 	EXP 	window1: recordFrameIntervals = True
6.4223 	EXP 	Screen (0) actual frame rate measured at 59.94Hz
6.4224 	EXP 	window1: recordFrameIntervals = False
6.4225 	EXP 	window1: mouseVisible = True
6.4383 	WARNING 	launchHubServer: If using the iohub mouse or eyetracker devices, fullScr should be True.
10.0676 	INFO 	keyboard.Keyboard is using iohub backend.
10.0676 	INFO 	keyboard.Keyboard is using iohub backend.
10.0677 	EXP 	LabReport1: status = STARTED
10.0680 	EXP 	window1: mouseVisible = True
10.0726 	EXP 	Created fixation = ShapeStim(__class__=<class 'psychopy.visual.shape.ShapeStim'>, anchor=('center', 'center'), autoDraw=False, autoLog=True, closeShape=True, color=method-wrapper(...), colorSpace='rgb', contrast=None, depth=-1.0, draggable=False, fillColor=array([1, 1, 1]), fillColorSpace='rgb', fillRGB=array([1, 1, 1]), interpolate=True, lineColor=array([1., 1., 1.]), lineColorSpace='rgb', lineRGB=array([1, 1, 1]), lineWidth=1.0, name='fixation', opacity=1, ori=0.0, pos=array([0., 0.]), size=array([0.1, 0.1]), units='height', vertices=ndarray(...), win=Window(...), windingRule=None)
10.0727 	EXP 	window1: mouseVisible = True
10.0758 	EXP 	Created grating = GratingStim(__class__=<class 'psychopy.visual.grating.GratingStim'>, anchor='center', autoDraw=False, autoLog=True, blendmode='avg', color=array([0.5, 0.5, 0.5]), colorSpace='rgb', contrast=0.5, depth=-2.0, draggable=False, interpolate=True, mask='gauss', maskParams=None, name='grating', opacity=1, ori=1.0, phase=array([0., 0.]), pos=array([0., 0.]), rgbPedestal=array([0., 0., 0.]), sf=array([8., 8.]), size=array([0.3, 0.3]), tex='sin', texRes=128.0, units='height', win=Window(...))
0.0106 	WARNING 	Increasing number of minimum required reversals to the number of step sizes, (4).
0.0278 	EXP 	grating: ori = 10.0
0.0278 	EXP 	fixation: autoDraw = True
0.5097 	INFO 	Keyboard events cleared
0.5093 	EXP 	grating: autoDraw = True
0.5093 	EXP 	grating: tex = 'sin'
0.5437 	EXP 	fixation: autoDraw = False
0.8106 	EXP 	grating: autoDraw = False
1.5497 	DATA 	Keypress: right
1.5591 	EXP 	fixation: autoDraw = False
1.5591 	EXP 	grating: autoDraw = False
1.5591 	EXP 	grating: ori = 8.0
1.5591 	EXP 	fixation: autoDraw = True
2.0597 	INFO 	Keyboard events cleared
2.0593 	EXP 	fixation: autoDraw = False
2.0593 	EXP 	grating: autoDraw = True
2.3590 	EXP 	grating: autoDraw = False
3.0109 	DATA 	Keypress: right
3.0258 	EXP 	fixation: autoDraw = False
3.0258 	EXP 	grating: autoDraw = False
3.0258 	EXP 	grating: ori = 6.0
3.0258 	EXP 	fixation: autoDraw = True
3.5107 	INFO 	Keyboard events cleared
3.5103 	EXP 	grating: autoDraw = True
3.5258 	EXP 	fixation: autoDraw = False
3.8084 	EXP 	grating: autoDraw = False
4.4942 	DATA 	Keypress: right
4.5079 	EXP 	fixation: autoDraw = False
4.5079 	EXP 	grating: autoDraw = False
4.5079 	EXP 	grating: ori = 4.0
4.5079 	EXP 	fixation: autoDraw = True
5.0090 	INFO 	Keyboard events cleared
5.0085 	EXP 	fixation: autoDraw = False
5.0085 	EXP 	grating: autoDraw = True
5.3080 	EXP 	grating: autoDraw = False
5.9598 	DATA 	Keypress: right
5.9745 	EXP 	fixation: autoDraw = False
5.9745 	EXP 	grating: autoDraw = False
5.9745 	EXP 	grating: ori = 2.0
5.9745 	EXP 	fixation: autoDraw = True
6.4741 	INFO 	Keyboard events cleared
6.4737 	EXP 	fixation: autoDraw = False
6.4737 	EXP 	grating: autoDraw = True
6.7745 	EXP 	grating: autoDraw = False
7.4595 	DATA 	Keypress: right
7.4741 	EXP 	fixation: autoDraw = False
7.4741 	EXP 	grating: autoDraw = False
7.4741 	EXP 	grating: ori = -1.0
7.4741 	EXP 	fixation: autoDraw = True
7.9572 	INFO 	Keyboard events cleared
7.9568 	EXP 	grating: autoDraw = True
7.9742 	EXP 	fixation: autoDraw = False
8.2740 	EXP 	grating: autoDraw = False
11.0906 	DATA 	Keypress: left
11.1047 	EXP 	fixation: autoDraw = False
11.1047 	EXP 	grating: autoDraw = False
11.1047 	EXP 	grating: ori = -1.0
11.1047 	EXP 	fixation: autoDraw = True
11.6049 	INFO 	Keyboard events cleared
11.6046 	EXP 	fixation: autoDraw = False
11.6046 	EXP 	grating: autoDraw = True
11.9043 	EXP 	grating: autoDraw = False
13.3901 	DATA 	Keypress: left
13.4039 	EXP 	fixation: autoDraw = False
13.4039 	EXP 	grating: autoDraw = False
13.4039 	EXP 	grating: ori = -1.0
13.4039 	EXP 	fixation: autoDraw = True
13.8888 	INFO 	Keyboard events cleared
13.8883 	EXP 	grating: autoDraw = True
13.9048 	EXP 	fixation: autoDraw = False
14.2047 	EXP 	grating: autoDraw = False
15.1549 	DATA 	Keypress: left
15.1697 	EXP 	fixation: autoDraw = False
15.1697 	EXP 	grating: autoDraw = False
15.1697 	EXP 	grating: ori = 1.0
15.1697 	EXP 	fixation: autoDraw = True
15.6544 	INFO 	Keyboard events cleared
15.6540 	EXP 	grating: autoDraw = True
15.6702 	EXP 	fixation: autoDraw = False
15.9531 	EXP 	grating: autoDraw = False
19.4209 	DATA 	Keypress: left
19.4350 	EXP 	fixation: autoDraw = False
19.4350 	EXP 	grating: autoDraw = False
19.4350 	EXP 	grating: ori = 2.0
19.4350 	EXP 	fixation: autoDraw = True
19.9347 	INFO 	Keyboard events cleared
19.9344 	EXP 	fixation: autoDraw = False
19.9344 	EXP 	grating: autoDraw = True
20.2348 	EXP 	grating: autoDraw = False
21.1211 	DATA 	Keypress: right
21.1355 	EXP 	fixation: autoDraw = False
21.1355 	EXP 	grating: autoDraw = False
21.1355 	EXP 	grating: ori = -2.0
21.1355 	EXP 	fixation: autoDraw = True
21.6349 	INFO 	Keyboard events cleared
21.6344 	EXP 	fixation: autoDraw = False
21.6344 	EXP 	grating: autoDraw = True
21.9335 	EXP 	grating: autoDraw = False
22.7688 	DATA 	Keypress: left
22.7830 	EXP 	fixation: autoDraw = False
22.7830 	EXP 	grating: autoDraw = False
22.7830 	EXP 	grating: ori = -2.0
22.7830 	EXP 	fixation: autoDraw = True
23.2672 	INFO 	Keyboard events cleared
23.2668 	EXP 	grating: autoDraw = True
23.2831 	EXP 	fixation: autoDraw = False
23.5663 	EXP 	grating: autoDraw = False
24.3176 	DATA 	Keypress: left
24.3323 	EXP 	fixation: autoDraw = False
24.3323 	EXP 	grating: autoDraw = False
24.3323 	EXP 	grating: ori = 1.0
24.3323 	EXP 	fixation: autoDraw = True
24.8162 	INFO 	Keyboard events cleared
24.8159 	EXP 	grating: autoDraw = True
24.8318 	EXP 	fixation: autoDraw = False
25.1171 	EXP 	grating: autoDraw = False
28.5500 	DATA 	Keypress: left
28.5643 	EXP 	fixation: autoDraw = False
28.5643 	EXP 	grating: autoDraw = False
28.5643 	EXP 	grating: ori = 1.5
28.5643 	EXP 	fixation: autoDraw = True
29.0656 	INFO 	Keyboard events cleared
29.0650 	EXP 	fixation: autoDraw = False
29.0650 	EXP 	grating: autoDraw = True
29.3810 	EXP 	grating: autoDraw = False
30.7321 	DATA 	Keypress: right
30.7462 	EXP 	fixation: autoDraw = False
30.7462 	EXP 	grating: autoDraw = False
30.7462 	EXP 	grating: ori = 1.5
30.7462 	EXP 	fixation: autoDraw = True
31.2316 	INFO 	Keyboard events cleared
31.2311 	EXP 	grating: autoDraw = True
31.2464 	EXP 	fixation: autoDraw = False
31.5308 	EXP 	grating: autoDraw = False
32.2163 	DATA 	Keypress: right
32.2458 	EXP 	fixation: autoDraw = False
32.2458 	EXP 	grating: autoDraw = False
32.2458 	EXP 	grating: ori = 1.5
32.2458 	EXP 	fixation: autoDraw = True
32.7312 	INFO 	Keyboard events cleared
32.7307 	EXP 	grating: autoDraw = True
32.7473 	EXP 	fixation: autoDraw = False
33.0302 	EXP 	grating: autoDraw = False
33.6638 	DATA 	Keypress: right
33.6782 	EXP 	fixation: autoDraw = False
33.6782 	EXP 	grating: autoDraw = False
33.6782 	EXP 	grating: ori = 1.0
33.6782 	EXP 	fixation: autoDraw = True
34.1785 	INFO 	Keyboard events cleared
34.1780 	EXP 	fixation: autoDraw = False
34.1780 	EXP 	grating: autoDraw = True
34.4781 	EXP 	grating: autoDraw = False
35.0797 	DATA 	Keypress: right
35.0939 	EXP 	fixation: autoDraw = False
35.0939 	EXP 	grating: autoDraw = False
35.0939 	EXP 	grating: ori = -1.0
35.0939 	EXP 	fixation: autoDraw = True
35.5791 	INFO 	Keyboard events cleared
35.5784 	EXP 	grating: autoDraw = True
35.5949 	EXP 	fixation: autoDraw = False
35.8762 	EXP 	grating: autoDraw = False
37.4629 	DATA 	Keypress: right
37.4768 	EXP 	fixation: autoDraw = False
37.4768 	EXP 	grating: autoDraw = False
37.4768 	EXP 	grating: ori = 1.5
37.4768 	EXP 	fixation: autoDraw = True
37.9773 	INFO 	Keyboard events cleared
37.9769 	EXP 	fixation: autoDraw = False
37.9769 	EXP 	grating: autoDraw = True
38.2921 	EXP 	grating: autoDraw = False
39.0120 	DATA 	Keypress: right
39.0255 	EXP 	fixation: autoDraw = False
39.0255 	EXP 	grating: autoDraw = False
39.0255 	EXP 	grating: ori = -1.5
39.0255 	EXP 	fixation: autoDraw = True
39.5104 	INFO 	Keyboard events cleared
39.5099 	EXP 	grating: autoDraw = True
39.5262 	EXP 	fixation: autoDraw = False
39.8262 	EXP 	grating: autoDraw = False
41.6097 	DATA 	Keypress: left
41.6242 	EXP 	fixation: autoDraw = False
41.6242 	EXP 	grating: autoDraw = False
41.6242 	EXP 	grating: ori = 1.5
41.6242 	EXP 	fixation: autoDraw = True
42.1087 	INFO 	Keyboard events cleared
42.1083 	EXP 	grating: autoDraw = True
42.1249 	EXP 	fixation: autoDraw = False
42.4077 	EXP 	grating: autoDraw = False
43.2421 	DATA 	Keypress: right
43.2565 	EXP 	fixation: autoDraw = False
43.2565 	EXP 	grating: autoDraw = False
43.2565 	EXP 	grating: ori = -1.0
43.2565 	EXP 	fixation: autoDraw = True
43.7433 	INFO 	Keyboard events cleared
43.7428 	EXP 	grating: autoDraw = True
43.7567 	EXP 	fixation: autoDraw = False
44.0577 	EXP 	grating: autoDraw = False
49.5071 	DATA 	Keypress: right
49.5206 	EXP 	fixation: autoDraw = False
49.5206 	EXP 	grating: autoDraw = False
49.5206 	EXP 	grating: ori = -1.5
49.5206 	EXP 	fixation: autoDraw = True
50.0060 	INFO 	Keyboard events cleared
50.0054 	EXP 	grating: autoDraw = True
50.0220 	EXP 	fixation: autoDraw = False
50.3037 	EXP 	grating: autoDraw = False
51.6225 	DATA 	Keypress: left
51.6372 	EXP 	fixation: autoDraw = False
51.6372 	EXP 	grating: autoDraw = False
51.6372 	EXP 	grating: ori = 1.5
51.6372 	EXP 	fixation: autoDraw = True
52.1213 	INFO 	Keyboard events cleared
52.1208 	EXP 	grating: autoDraw = True
52.1373 	EXP 	fixation: autoDraw = False
52.4203 	EXP 	grating: autoDraw = False
54.0881 	DATA 	Keypress: right
54.1021 	EXP 	fixation: autoDraw = False
54.1021 	EXP 	grating: autoDraw = False
54.1021 	EXP 	grating: ori = 1.5
54.1021 	EXP 	fixation: autoDraw = True
54.5865 	INFO 	Keyboard events cleared
54.5861 	EXP 	grating: autoDraw = True
54.6034 	EXP 	fixation: autoDraw = False
54.8864 	EXP 	grating: autoDraw = False
55.5710 	DATA 	Keypress: right
55.5854 	EXP 	fixation: autoDraw = False
55.5854 	EXP 	grating: autoDraw = False
55.5854 	EXP 	grating: ori = -1.0
55.5854 	EXP 	fixation: autoDraw = True
56.0695 	INFO 	Keyboard events cleared
56.0690 	EXP 	grating: autoDraw = True
56.0860 	EXP 	fixation: autoDraw = False
56.3690 	EXP 	grating: autoDraw = False
59.4688 	DATA 	Keypress: right
59.4843 	EXP 	fixation: autoDraw = False
59.4843 	EXP 	grating: autoDraw = False
59.4843 	EXP 	grating: ori = -1.5
59.4843 	EXP 	fixation: autoDraw = True
59.9843 	INFO 	Keyboard events cleared
59.9839 	EXP 	fixation: autoDraw = False
59.9839 	EXP 	grating: autoDraw = True
60.2836 	EXP 	grating: autoDraw = False
61.6017 	DATA 	Keypress: left
61.6156 	EXP 	fixation: autoDraw = False
61.6156 	EXP 	grating: autoDraw = False
61.6156 	EXP 	grating: ori = -1.5
61.6156 	EXP 	fixation: autoDraw = True
62.1002 	INFO 	Keyboard events cleared
62.0997 	EXP 	grating: autoDraw = True
62.1164 	EXP 	fixation: autoDraw = False
62.4002 	EXP 	grating: autoDraw = False
63.1016 	DATA 	Keypress: left
63.1143 	EXP 	fixation: autoDraw = False
63.1143 	EXP 	grating: autoDraw = False
63.1143 	EXP 	grating: ori = 1.5
63.1143 	EXP 	fixation: autoDraw = True
63.6000 	INFO 	Keyboard events cleared
63.5995 	EXP 	grating: autoDraw = True
63.6156 	EXP 	fixation: autoDraw = False
63.8991 	EXP 	grating: autoDraw = False
64.5341 	DATA 	Keypress: right
64.5471 	EXP 	fixation: autoDraw = False
64.5471 	EXP 	grating: autoDraw = False
64.5471 	EXP 	grating: ori = -1.0
64.5471 	EXP 	fixation: autoDraw = True
65.0317 	INFO 	Keyboard events cleared
65.0313 	EXP 	grating: autoDraw = True
65.0482 	EXP 	fixation: autoDraw = False
65.3310 	EXP 	grating: autoDraw = False
66.3652 	DATA 	Keypress: left
66.3805 	EXP 	fixation: autoDraw = False
66.3805 	EXP 	grating: autoDraw = False
66.3805 	EXP 	grating: ori = -1.0
66.3805 	EXP 	fixation: autoDraw = True
66.8649 	INFO 	Keyboard events cleared
66.8645 	EXP 	grating: autoDraw = True
66.8809 	EXP 	fixation: autoDraw = False
67.1644 	EXP 	grating: autoDraw = False
67.8986 	DATA 	Keypress: left
67.9128 	EXP 	fixation: autoDraw = False
67.9128 	EXP 	grating: autoDraw = False
67.9128 	EXP 	grating: ori = 1.0
67.9128 	EXP 	fixation: autoDraw = True
68.3961 	INFO 	Keyboard events cleared
68.3958 	EXP 	grating: autoDraw = True
68.4127 	EXP 	fixation: autoDraw = False
68.6972 	EXP 	grating: autoDraw = False
69.6825 	DATA 	Keypress: right
69.6962 	EXP 	fixation: autoDraw = False
69.6962 	EXP 	grating: autoDraw = False
69.6962 	EXP 	grating: ori = 1.0
69.6962 	EXP 	fixation: autoDraw = True
70.1971 	INFO 	Keyboard events cleared
70.1966 	EXP 	fixation: autoDraw = False
70.1966 	EXP 	grating: autoDraw = True
70.5129 	EXP 	grating: autoDraw = False
71.3814 	DATA 	Keypress: right
71.3957 	EXP 	fixation: autoDraw = False
71.3957 	EXP 	grating: autoDraw = False
71.3957 	EXP 	grating: ori = 1.0
71.3957 	EXP 	fixation: autoDraw = True
71.8958 	INFO 	Keyboard events cleared
71.8954 	EXP 	fixation: autoDraw = False
71.8954 	EXP 	grating: autoDraw = True
72.1948 	EXP 	grating: autoDraw = False
72.9474 	DATA 	Keypress: right
72.9611 	EXP 	fixation: autoDraw = False
72.9611 	EXP 	grating: autoDraw = False
72.9611 	EXP 	grating: ori = -1.0
72.9611 	EXP 	fixation: autoDraw = True
73.4616 	INFO 	Keyboard events cleared
73.4612 	EXP 	fixation: autoDraw = False
73.4612 	EXP 	grating: autoDraw = True
73.7609 	EXP 	grating: autoDraw = False
79.0095 	DATA 	Keypress: right
79.0256 	EXP 	fixation: autoDraw = False
79.0256 	EXP 	grating: autoDraw = False
79.0256 	EXP 	grating: ori = -1.5
79.0256 	EXP 	fixation: autoDraw = True
79.5090 	INFO 	Keyboard events cleared
79.5086 	EXP 	grating: autoDraw = True
79.5242 	EXP 	fixation: autoDraw = False
79.8088 	EXP 	grating: autoDraw = False
80.5277 	DATA 	Keypress: left
80.5413 	EXP 	fixation: autoDraw = False
80.5413 	EXP 	grating: autoDraw = False
80.5413 	EXP 	grating: ori = -1.5
80.5413 	EXP 	fixation: autoDraw = True
81.0419 	INFO 	Keyboard events cleared
81.0415 	EXP 	fixation: autoDraw = False
81.0415 	EXP 	grating: autoDraw = True
81.3402 	EXP 	grating: autoDraw = False
82.0100 	DATA 	Keypress: left
82.0249 	EXP 	fixation: autoDraw = False
82.0249 	EXP 	grating: autoDraw = False
82.0249 	EXP 	grating: ori = 1.5
82.0249 	EXP 	fixation: autoDraw = True
82.5246 	INFO 	Keyboard events cleared
82.5240 	EXP 	fixation: autoDraw = False
82.5240 	EXP 	grating: autoDraw = True
82.8241 	EXP 	grating: autoDraw = False
83.6268 	DATA 	Keypress: right
83.6400 	EXP 	fixation: autoDraw = False
83.6400 	EXP 	grating: autoDraw = False
83.6400 	EXP 	grating: ori = -1.0
83.6400 	EXP 	fixation: autoDraw = True
84.1407 	INFO 	Keyboard events cleared
84.1402 	EXP 	fixation: autoDraw = False
84.1402 	EXP 	grating: autoDraw = True
84.4400 	EXP 	grating: autoDraw = False
85.2931 	DATA 	Keypress: left
85.3057 	EXP 	fixation: autoDraw = False
85.3057 	EXP 	grating: autoDraw = False
85.3057 	EXP 	grating: ori = -1.0
85.3057 	EXP 	fixation: autoDraw = True
85.8069 	INFO 	Keyboard events cleared
85.8063 	EXP 	fixation: autoDraw = False
85.8063 	EXP 	grating: autoDraw = True
86.1058 	EXP 	grating: autoDraw = False
87.0908 	DATA 	Keypress: left
87.1057 	EXP 	fixation: autoDraw = False
87.1057 	EXP 	grating: autoDraw = False
87.1057 	EXP 	grating: ori = 1.0
87.1057 	EXP 	fixation: autoDraw = True
87.6060 	INFO 	Keyboard events cleared
87.6056 	EXP 	fixation: autoDraw = False
87.6056 	EXP 	grating: autoDraw = True
87.9215 	EXP 	grating: autoDraw = False
90.2223 	DATA 	Keypress: right
90.2364 	EXP 	fixation: autoDraw = False
90.2364 	EXP 	grating: autoDraw = False
90.2364 	EXP 	grating: ori = 1.0
90.2364 	EXP 	fixation: autoDraw = True
90.7210 	INFO 	Keyboard events cleared
90.7206 	EXP 	grating: autoDraw = True
90.7377 	EXP 	fixation: autoDraw = False
91.0206 	EXP 	grating: autoDraw = False
91.6721 	DATA 	Keypress: right
91.6865 	EXP 	fixation: autoDraw = False
91.6865 	EXP 	grating: autoDraw = False
91.6865 	EXP 	grating: ori = -1.0
91.6865 	EXP 	fixation: autoDraw = True
92.1871 	INFO 	Keyboard events cleared
92.1867 	EXP 	fixation: autoDraw = False
92.1867 	EXP 	grating: autoDraw = True
92.4865 	EXP 	grating: autoDraw = False
93.6551 	DATA 	Keypress: left
93.6699 	EXP 	fixation: autoDraw = False
93.6699 	EXP 	grating: autoDraw = False
93.6699 	EXP 	grating: ori = -1.0
93.6699 	EXP 	fixation: autoDraw = True
94.1694 	INFO 	Keyboard events cleared
94.1690 	EXP 	fixation: autoDraw = False
94.1690 	EXP 	grating: autoDraw = True
94.4691 	EXP 	grating: autoDraw = False
95.1535 	DATA 	Keypress: left
95.1677 	EXP 	fixation: autoDraw = False
95.1677 	EXP 	grating: autoDraw = False
95.1677 	EXP 	grating: ori = 1.0
95.1677 	EXP 	fixation: autoDraw = True
95.6685 	INFO 	Keyboard events cleared
95.6681 	EXP 	fixation: autoDraw = False
95.6681 	EXP 	grating: autoDraw = True
95.9687 	EXP 	grating: autoDraw = False
96.6364 	DATA 	Keypress: right
96.6509 	EXP 	fixation: autoDraw = False
96.6509 	EXP 	grating: autoDraw = False
96.6509 	EXP 	grating: ori = 1.0
96.6509 	EXP 	fixation: autoDraw = True
97.1349 	INFO 	Keyboard events cleared
97.1345 	EXP 	grating: autoDraw = True
97.1511 	EXP 	fixation: autoDraw = False
97.4343 	EXP 	grating: autoDraw = False
98.1031 	DATA 	Keypress: right
98.1175 	EXP 	fixation: autoDraw = False
98.1175 	EXP 	grating: autoDraw = False
98.1175 	EXP 	grating: ori = -1.0
98.1175 	EXP 	fixation: autoDraw = True
98.6011 	INFO 	Keyboard events cleared
98.6006 	EXP 	grating: autoDraw = True
98.6171 	EXP 	fixation: autoDraw = False
98.9005 	EXP 	grating: autoDraw = False
99.6184 	DATA 	Keypress: left
99.6338 	EXP 	fixation: autoDraw = False
99.6338 	EXP 	grating: autoDraw = False
99.6338 	EXP 	grating: ori = 1.0
99.6338 	EXP 	fixation: autoDraw = True
100.1175 	INFO 	Keyboard events cleared
100.1169 	EXP 	grating: autoDraw = True
100.1335 	EXP 	fixation: autoDraw = False
100.4166 	EXP 	grating: autoDraw = False
101.4348 	DATA 	Keypress: right
101.4500 	EXP 	fixation: autoDraw = False
101.4500 	EXP 	grating: autoDraw = False
101.4500 	EXP 	grating: ori = 1.0
101.4500 	EXP 	fixation: autoDraw = True
101.9324 	INFO 	Keyboard events cleared
101.9320 	EXP 	grating: autoDraw = True
101.9659 	EXP 	fixation: autoDraw = False
102.2323 	EXP 	grating: autoDraw = False
103.4164 	DATA 	Keypress: right
103.4307 	EXP 	fixation: autoDraw = False
103.4307 	EXP 	grating: autoDraw = False
103.4307 	EXP 	grating: ori = -1.0
103.4307 	EXP 	fixation: autoDraw = True
103.9154 	INFO 	Keyboard events cleared
103.9149 	EXP 	grating: autoDraw = True
103.9320 	EXP 	fixation: autoDraw = False
104.2150 	EXP 	grating: autoDraw = False
105.3830 	DATA 	Keypress: left
105.3973 	EXP 	fixation: autoDraw = False
105.3973 	EXP 	grating: autoDraw = False
105.3973 	EXP 	grating: ori = -1.0
105.3973 	EXP 	fixation: autoDraw = True
105.8981 	INFO 	Keyboard events cleared
105.8978 	EXP 	fixation: autoDraw = False
105.8978 	EXP 	grating: autoDraw = True
106.1970 	EXP 	grating: autoDraw = False
106.8645 	DATA 	Keypress: left
106.8792 	EXP 	fixation: autoDraw = False
106.8792 	EXP 	grating: autoDraw = False
106.8792 	EXP 	grating: ori = 1.0
106.8792 	EXP 	fixation: autoDraw = True
107.3639 	INFO 	Keyboard events cleared
107.3635 	EXP 	grating: autoDraw = True
107.3803 	EXP 	fixation: autoDraw = False
107.6794 	EXP 	grating: autoDraw = False
108.4482 	DATA 	Keypress: right
108.4631 	EXP 	fixation: autoDraw = False
108.4631 	EXP 	grating: autoDraw = False
108.4631 	EXP 	grating: ori = 1.0
108.4631 	EXP 	fixation: autoDraw = True
108.9463 	INFO 	Keyboard events cleared
108.9459 	EXP 	grating: autoDraw = True
108.9624 	EXP 	fixation: autoDraw = False
109.2462 	EXP 	grating: autoDraw = False
109.9309 	DATA 	Keypress: right
109.9455 	EXP 	fixation: autoDraw = False
109.9455 	EXP 	grating: autoDraw = False
109.9455 	EXP 	grating: ori = -1.0
109.9455 	EXP 	fixation: autoDraw = True
110.4454 	INFO 	Keyboard events cleared
110.4450 	EXP 	grating: autoDraw = True
110.4618 	EXP 	fixation: autoDraw = False
110.7452 	EXP 	grating: autoDraw = False
111.7800 	DATA 	Keypress: left
111.7945 	EXP 	fixation: autoDraw = False
111.7945 	EXP 	grating: autoDraw = False
111.7945 	EXP 	grating: ori = -1.0
111.7945 	EXP 	fixation: autoDraw = True
112.2945 	INFO 	Keyboard events cleared
112.2941 	EXP 	fixation: autoDraw = False
112.2941 	EXP 	grating: autoDraw = True
112.5944 	EXP 	grating: autoDraw = False
113.5128 	DATA 	Keypress: right
113.5270 	EXP 	fixation: autoDraw = False
113.5270 	EXP 	grating: autoDraw = False
113.5270 	EXP 	grating: ori = -1.5
113.5270 	EXP 	fixation: autoDraw = True
114.0274 	INFO 	Keyboard events cleared
114.0270 	EXP 	fixation: autoDraw = False
114.0270 	EXP 	grating: autoDraw = True
114.3267 	EXP 	grating: autoDraw = False
115.1951 	DATA 	Keypress: left
115.2091 	EXP 	fixation: autoDraw = False
115.2091 	EXP 	grating: autoDraw = False
115.2091 	EXP 	grating: ori = -1.5
115.2091 	EXP 	fixation: autoDraw = True
115.7098 	INFO 	Keyboard events cleared
115.7094 	EXP 	fixation: autoDraw = False
115.7094 	EXP 	grating: autoDraw = True
116.0099 	EXP 	grating: autoDraw = False
116.6284 	DATA 	Keypress: left
116.6421 	EXP 	fixation: autoDraw = False
116.6421 	EXP 	grating: autoDraw = False
116.6421 	EXP 	grating: ori = 1.5
116.6421 	EXP 	fixation: autoDraw = True
117.1435 	INFO 	Keyboard events cleared
117.1429 	EXP 	fixation: autoDraw = False
117.1429 	EXP 	grating: autoDraw = True
117.4422 	EXP 	grating: autoDraw = False
118.0617 	DATA 	Keypress: right
118.0752 	EXP 	fixation: autoDraw = False
118.0752 	EXP 	grating: autoDraw = False
118.0752 	EXP 	grating: ori = 1.0
118.0752 	EXP 	fixation: autoDraw = True
118.5757 	INFO 	Keyboard events cleared
118.5751 	EXP 	fixation: autoDraw = False
118.5751 	EXP 	grating: autoDraw = True
118.8753 	EXP 	grating: autoDraw = False
119.6774 	DATA 	Keypress: right
119.6913 	EXP 	fixation: autoDraw = False
119.6913 	EXP 	grating: autoDraw = False
119.6913 	EXP 	grating: ori = 1.0
119.6913 	EXP 	fixation: autoDraw = True
120.1916 	INFO 	Keyboard events cleared
120.1911 	EXP 	fixation: autoDraw = False
120.1911 	EXP 	grating: autoDraw = True
120.4914 	EXP 	grating: autoDraw = False
121.1261 	DATA 	Keypress: right
121.1406 	EXP 	fixation: autoDraw = False
121.1406 	EXP 	grating: autoDraw = False
121.1406 	EXP 	grating: ori = 1.0
121.1406 	EXP 	fixation: autoDraw = True
121.6246 	INFO 	Keyboard events cleared
121.6240 	EXP 	grating: autoDraw = True
121.6405 	EXP 	fixation: autoDraw = False
121.9237 	EXP 	grating: autoDraw = False
122.5088 	DATA 	Keypress: right
122.5236 	EXP 	fixation: autoDraw = False
122.5236 	EXP 	grating: autoDraw = False
122.5236 	EXP 	grating: ori = -1.0
122.5236 	EXP 	fixation: autoDraw = True
123.0073 	INFO 	Keyboard events cleared
123.0069 	EXP 	grating: autoDraw = True
123.0233 	EXP 	fixation: autoDraw = False
123.3063 	EXP 	grating: autoDraw = False
124.0408 	DATA 	Keypress: left
124.0551 	EXP 	fixation: autoDraw = False
124.0551 	EXP 	grating: autoDraw = False
124.0551 	EXP 	grating: ori = -1.0
124.0551 	EXP 	fixation: autoDraw = True
124.5573 	INFO 	Keyboard events cleared
124.5566 	EXP 	fixation: autoDraw = False
124.5566 	EXP 	grating: autoDraw = True
124.8709 	EXP 	grating: autoDraw = False
125.5411 	DATA 	Keypress: left
125.5546 	EXP 	fixation: autoDraw = False
125.5546 	EXP 	grating: autoDraw = False
125.5546 	EXP 	grating: ori = -1.0
125.5546 	EXP 	fixation: autoDraw = True
126.0559 	INFO 	Keyboard events cleared
126.0554 	EXP 	fixation: autoDraw = False
126.0554 	EXP 	grating: autoDraw = True
126.3553 	EXP 	grating: autoDraw = False
126.9743 	DATA 	Keypress: left
126.9883 	EXP 	fixation: autoDraw = False
126.9883 	EXP 	grating: autoDraw = False
126.9883 	EXP 	grating: ori = -1.0
126.9883 	EXP 	fixation: autoDraw = True
127.4893 	INFO 	Keyboard events cleared
127.4888 	EXP 	fixation: autoDraw = False
127.4888 	EXP 	grating: autoDraw = True
127.7879 	EXP 	grating: autoDraw = False
128.8229 	DATA 	Keypress: left
128.8371 	EXP 	fixation: autoDraw = False
128.8371 	EXP 	grating: autoDraw = False
128.8371 	EXP 	grating: ori = -1.0
128.8371 	EXP 	fixation: autoDraw = True
129.3208 	INFO 	Keyboard events cleared
129.3203 	EXP 	grating: autoDraw = True
129.3371 	EXP 	fixation: autoDraw = False
129.6205 	EXP 	grating: autoDraw = False
130.2552 	DATA 	Keypress: left
130.2705 	EXP 	fixation: autoDraw = False
130.2705 	EXP 	grating: autoDraw = False
130.2705 	EXP 	grating: ori = 1.0
130.2705 	EXP 	fixation: autoDraw = True
130.7703 	INFO 	Keyboard events cleared
130.7698 	EXP 	fixation: autoDraw = False
130.7698 	EXP 	grating: autoDraw = True
131.0859 	EXP 	grating: autoDraw = False
134.1698 	DATA 	Keypress: right
134.1850 	EXP 	fixation: autoDraw = False
134.1850 	EXP 	grating: autoDraw = False
134.1850 	EXP 	grating: ori = 1.0
134.1850 	EXP 	fixation: autoDraw = True
134.6685 	INFO 	Keyboard events cleared
134.6680 	EXP 	grating: autoDraw = True
134.6850 	EXP 	fixation: autoDraw = False
134.9677 	EXP 	grating: autoDraw = False
135.5865 	DATA 	Keypress: right
135.6004 	EXP 	fixation: autoDraw = False
135.6004 	EXP 	grating: autoDraw = False
135.6004 	EXP 	grating: ori = -1.0
135.6004 	EXP 	fixation: autoDraw = True
136.1016 	INFO 	Keyboard events cleared
136.1012 	EXP 	fixation: autoDraw = False
136.1012 	EXP 	grating: autoDraw = True
136.4001 	EXP 	grating: autoDraw = False
138.6681 	DATA 	Keypress: right
138.6830 	EXP 	fixation: autoDraw = False
138.6830 	EXP 	grating: autoDraw = False
138.6830 	EXP 	grating: ori = 1.5
138.6830 	EXP 	fixation: autoDraw = True
139.1672 	INFO 	Keyboard events cleared
139.1667 	EXP 	grating: autoDraw = True
139.1831 	EXP 	fixation: autoDraw = False
139.4659 	EXP 	grating: autoDraw = False
140.0497 	DATA 	Keypress: right
140.0645 	EXP 	fixation: autoDraw = False
140.0645 	EXP 	grating: autoDraw = False
140.0645 	EXP 	grating: ori = 1.5
140.0645 	EXP 	fixation: autoDraw = True
140.5661 	INFO 	Keyboard events cleared
140.5657 	EXP 	fixation: autoDraw = False
140.5657 	EXP 	grating: autoDraw = True
140.8654 	EXP 	grating: autoDraw = False
141.4670 	DATA 	Keypress: right
141.4826 	EXP 	fixation: autoDraw = False
141.4826 	EXP 	grating: autoDraw = False
141.4826 	EXP 	grating: ori = 1.5
141.4826 	EXP 	fixation: autoDraw = True
141.9821 	INFO 	Keyboard events cleared
141.9816 	EXP 	fixation: autoDraw = False
141.9816 	EXP 	grating: autoDraw = True
142.2811 	EXP 	grating: autoDraw = False
142.8009 	DATA 	Keypress: right
142.8145 	EXP 	fixation: autoDraw = False
142.8145 	EXP 	grating: autoDraw = False
142.8145 	EXP 	grating: ori = 1.0
142.8145 	EXP 	fixation: autoDraw = True
143.3147 	INFO 	Keyboard events cleared
143.3142 	EXP 	grating: autoDraw = True
143.3319 	EXP 	fixation: autoDraw = False
143.6135 	EXP 	grating: autoDraw = False
144.3015 	DATA 	Keypress: right
144.3142 	EXP 	fixation: autoDraw = False
144.3142 	EXP 	grating: autoDraw = False
144.3142 	EXP 	grating: ori = 1.0
144.3142 	EXP 	fixation: autoDraw = True
144.8144 	INFO 	Keyboard events cleared
144.8140 	EXP 	fixation: autoDraw = False
144.8140 	EXP 	grating: autoDraw = True
145.1136 	EXP 	grating: autoDraw = False
147.3652 	DATA 	Keypress: right
147.3791 	EXP 	fixation: autoDraw = False
147.3791 	EXP 	grating: autoDraw = False
147.3791 	EXP 	grating: ori = -1.0
147.3791 	EXP 	fixation: autoDraw = True
147.8791 	INFO 	Keyboard events cleared
147.8788 	EXP 	fixation: autoDraw = False
147.8788 	EXP 	grating: autoDraw = True
148.1787 	EXP 	grating: autoDraw = False
148.9467 	DATA 	Keypress: left
148.9607 	EXP 	fixation: autoDraw = False
148.9607 	EXP 	grating: autoDraw = False
148.9607 	EXP 	grating: ori = 1.0
148.9607 	EXP 	fixation: autoDraw = True
149.4451 	INFO 	Keyboard events cleared
149.4447 	EXP 	grating: autoDraw = True
149.4615 	EXP 	fixation: autoDraw = False
149.7440 	EXP 	grating: autoDraw = False
150.6629 	DATA 	Keypress: right
150.6769 	EXP 	fixation: autoDraw = False
150.6769 	EXP 	grating: autoDraw = False
150.6769 	EXP 	grating: ori = 1.0
150.6769 	EXP 	fixation: autoDraw = True
151.1783 	INFO 	Keyboard events cleared
151.1776 	EXP 	fixation: autoDraw = False
151.1776 	EXP 	grating: autoDraw = True
151.4764 	EXP 	grating: autoDraw = False
152.0115 	DATA 	Keypress: right
152.0268 	EXP 	fixation: autoDraw = False
152.0268 	EXP 	grating: autoDraw = False
152.0268 	EXP 	grating: ori = 1.0
152.0268 	EXP 	fixation: autoDraw = True
152.5116 	INFO 	Keyboard events cleared
152.5110 	EXP 	grating: autoDraw = True
152.5271 	EXP 	fixation: autoDraw = False
152.8103 	EXP 	grating: autoDraw = False
153.3956 	DATA 	Keypress: right
153.4255 	EXP 	fixation: autoDraw = False
153.4255 	EXP 	grating: autoDraw = False
153.4255 	EXP 	grating: ori = -1.0
153.4255 	EXP 	fixation: autoDraw = True
153.9103 	INFO 	Keyboard events cleared
153.9098 	EXP 	grating: autoDraw = True
153.9264 	EXP 	fixation: autoDraw = False
154.2101 	EXP 	grating: autoDraw = False
154.9792 	DATA 	Keypress: left
154.9923 	EXP 	fixation: autoDraw = False
154.9923 	EXP 	grating: autoDraw = False
154.9923 	EXP 	grating: ori = -1.0
154.9923 	EXP 	fixation: autoDraw = True
155.4916 	INFO 	Keyboard events cleared
155.4913 	EXP 	fixation: autoDraw = False
155.4913 	EXP 	grating: autoDraw = True
155.7921 	EXP 	grating: autoDraw = False
156.2927 	DATA 	Keypress: left
156.3079 	EXP 	fixation: autoDraw = False
156.3079 	EXP 	grating: autoDraw = False
156.3079 	EXP 	grating: ori = 1.0
156.3079 	EXP 	fixation: autoDraw = True
156.7922 	INFO 	Keyboard events cleared
156.7917 	EXP 	grating: autoDraw = True
156.8078 	EXP 	fixation: autoDraw = False
157.0924 	EXP 	grating: autoDraw = False
157.7936 	DATA 	Keypress: right
157.8080 	EXP 	fixation: autoDraw = False
157.8080 	EXP 	grating: autoDraw = False
157.8080 	EXP 	grating: ori = -1.0
157.8080 	EXP 	fixation: autoDraw = True
158.2928 	INFO 	Keyboard events cleared
158.2922 	EXP 	grating: autoDraw = True
158.3082 	EXP 	fixation: autoDraw = False
158.6068 	EXP 	grating: autoDraw = False
159.7766 	DATA 	Keypress: right
159.7895 	EXP 	fixation: autoDraw = False
159.7895 	EXP 	grating: autoDraw = False
159.7895 	EXP 	grating: ori = -1.5
159.7895 	EXP 	fixation: autoDraw = True
160.2897 	INFO 	Keyboard events cleared
160.2894 	EXP 	fixation: autoDraw = False
160.2894 	EXP 	grating: autoDraw = True
160.5898 	EXP 	grating: autoDraw = False
161.1925 	DATA 	Keypress: left
161.2059 	EXP 	fixation: autoDraw = False
161.2059 	EXP 	grating: autoDraw = False
161.2059 	EXP 	grating: ori = -1.5
161.2059 	EXP 	fixation: autoDraw = True
161.7065 	INFO 	Keyboard events cleared
161.7061 	EXP 	fixation: autoDraw = False
161.7061 	EXP 	grating: autoDraw = True
162.0058 	EXP 	grating: autoDraw = False
162.5409 	DATA 	Keypress: left
162.5560 	EXP 	fixation: autoDraw = False
162.5560 	EXP 	grating: autoDraw = False
162.5560 	EXP 	grating: ori = 1.5
162.5560 	EXP 	fixation: autoDraw = True
163.0400 	INFO 	Keyboard events cleared
163.0396 	EXP 	grating: autoDraw = True
163.0565 	EXP 	fixation: autoDraw = False
163.3563 	EXP 	grating: autoDraw = False
163.9738 	DATA 	Keypress: right
163.9877 	EXP 	fixation: autoDraw = False
163.9877 	EXP 	grating: autoDraw = False
163.9877 	EXP 	grating: ori = 1.0
163.9877 	EXP 	fixation: autoDraw = True
164.4897 	INFO 	Keyboard events cleared
164.4890 	EXP 	fixation: autoDraw = False
164.4890 	EXP 	grating: autoDraw = True
164.7869 	EXP 	grating: autoDraw = False
165.3402 	DATA 	Keypress: right
165.3544 	EXP 	fixation: autoDraw = False
165.3544 	EXP 	grating: autoDraw = False
165.3544 	EXP 	grating: ori = 1.0
165.3544 	EXP 	fixation: autoDraw = True
165.8386 	INFO 	Keyboard events cleared
165.8382 	EXP 	grating: autoDraw = True
165.8549 	EXP 	fixation: autoDraw = False
166.1382 	EXP 	grating: autoDraw = False
166.6902 	DATA 	Keypress: right
166.7042 	EXP 	fixation: autoDraw = False
166.7042 	EXP 	grating: autoDraw = False
166.7042 	EXP 	grating: ori = 1.0
166.7042 	EXP 	fixation: autoDraw = True
167.2049 	INFO 	Keyboard events cleared
167.2042 	EXP 	fixation: autoDraw = False
167.2042 	EXP 	grating: autoDraw = True
167.5039 	EXP 	grating: autoDraw = False
168.0897 	DATA 	Keypress: right
168.1036 	EXP 	fixation: autoDraw = False
168.1036 	EXP 	grating: autoDraw = False
168.1036 	EXP 	grating: ori = -1.0
168.1036 	EXP 	fixation: autoDraw = True
168.6036 	INFO 	Keyboard events cleared
168.6032 	EXP 	fixation: autoDraw = False
168.6032 	EXP 	grating: autoDraw = True
168.9040 	EXP 	grating: autoDraw = False
169.6215 	DATA 	Keypress: left
169.6369 	EXP 	fixation: autoDraw = False
169.6369 	EXP 	grating: autoDraw = False
169.6369 	EXP 	grating: ori = -1.0
169.6369 	EXP 	fixation: autoDraw = True
170.1196 	INFO 	Keyboard events cleared
170.1192 	EXP 	grating: autoDraw = True
170.1358 	EXP 	fixation: autoDraw = False
170.4202 	EXP 	grating: autoDraw = False
171.4210 	DATA 	Keypress: left
171.4350 	EXP 	fixation: autoDraw = False
171.4350 	EXP 	grating: autoDraw = False
171.4350 	EXP 	grating: ori = -1.0
171.4350 	EXP 	fixation: autoDraw = True
171.9357 	INFO 	Keyboard events cleared
171.9352 	EXP 	fixation: autoDraw = False
171.9352 	EXP 	grating: autoDraw = True
172.2352 	EXP 	grating: autoDraw = False
172.5380 	DATA 	Keypress: left
172.5516 	EXP 	fixation: autoDraw = False
172.5516 	EXP 	grating: autoDraw = False
172.5516 	EXP 	grating: ori = 1.0
172.5516 	EXP 	fixation: autoDraw = True
173.0508 	INFO 	Keyboard events cleared
173.0505 	EXP 	fixation: autoDraw = False
173.0505 	EXP 	grating: autoDraw = True
173.3514 	EXP 	grating: autoDraw = False
174.0021 	DATA 	Keypress: left
174.0170 	EXP 	fixation: autoDraw = False
174.0170 	EXP 	grating: autoDraw = False
174.0170 	EXP 	grating: ori = 1.5
174.0170 	EXP 	fixation: autoDraw = True
174.5011 	INFO 	Keyboard events cleared
174.5007 	EXP 	grating: autoDraw = True
174.5173 	EXP 	fixation: autoDraw = False
174.8008 	EXP 	grating: autoDraw = False
175.6688 	DATA 	Keypress: right
175.6841 	EXP 	fixation: autoDraw = False
175.6841 	EXP 	grating: autoDraw = False
175.6841 	EXP 	grating: ori = 1.5
175.6841 	EXP 	fixation: autoDraw = True
176.1675 	INFO 	Keyboard events cleared
176.1670 	EXP 	grating: autoDraw = True
176.1836 	EXP 	fixation: autoDraw = False
176.4823 	EXP 	grating: autoDraw = False
177.1515 	DATA 	Keypress: right
177.1659 	EXP 	fixation: autoDraw = False
177.1659 	EXP 	grating: autoDraw = False
177.1659 	EXP 	grating: ori = -1.5
177.1659 	EXP 	fixation: autoDraw = True
177.6503 	INFO 	Keyboard events cleared
177.6498 	EXP 	grating: autoDraw = True
177.6659 	EXP 	fixation: autoDraw = False
177.9494 	EXP 	grating: autoDraw = False
178.6345 	DATA 	Keypress: left
178.6483 	EXP 	fixation: autoDraw = False
178.6483 	EXP 	grating: autoDraw = False
178.6483 	EXP 	grating: ori = -1.0
178.6483 	EXP 	fixation: autoDraw = True
179.1501 	INFO 	Keyboard events cleared
179.1496 	EXP 	fixation: autoDraw = False
179.1496 	EXP 	grating: autoDraw = True
179.4504 	EXP 	grating: autoDraw = False
180.1493 	DATA 	Keypress: left
180.1655 	EXP 	fixation: autoDraw = False
180.1655 	EXP 	grating: autoDraw = False
180.1655 	EXP 	grating: ori = -1.0
180.1655 	EXP 	fixation: autoDraw = True
180.6484 	INFO 	Keyboard events cleared
180.6480 	EXP 	grating: autoDraw = True
180.6637 	EXP 	fixation: autoDraw = False
180.9477 	EXP 	grating: autoDraw = False
181.6500 	DATA 	Keypress: left
181.6632 	EXP 	fixation: autoDraw = False
181.6632 	EXP 	grating: autoDraw = False
181.6632 	EXP 	grating: ori = -1.0
181.6632 	EXP 	fixation: autoDraw = True
182.1651 	INFO 	Keyboard events cleared
182.1645 	EXP 	fixation: autoDraw = False
182.1645 	EXP 	grating: autoDraw = True
182.4645 	EXP 	grating: autoDraw = False
183.1326 	DATA 	Keypress: left
183.1474 	EXP 	fixation: autoDraw = False
183.1474 	EXP 	grating: autoDraw = False
183.1474 	EXP 	grating: ori = 1.0
183.1474 	EXP 	fixation: autoDraw = True
183.6479 	INFO 	Keyboard events cleared
183.6474 	EXP 	grating: autoDraw = True
183.6633 	EXP 	fixation: autoDraw = False
183.9456 	EXP 	grating: autoDraw = False
184.6321 	DATA 	Keypress: right
184.6450 	EXP 	fixation: autoDraw = False
184.6450 	EXP 	grating: autoDraw = False
184.6450 	EXP 	grating: ori = 1.0
184.6450 	EXP 	fixation: autoDraw = True
185.1469 	INFO 	Keyboard events cleared
185.1464 	EXP 	fixation: autoDraw = False
185.1464 	EXP 	grating: autoDraw = True
185.4465 	EXP 	grating: autoDraw = False
186.0474 	DATA 	Keypress: right
186.0628 	EXP 	fixation: autoDraw = False
186.0628 	EXP 	grating: autoDraw = False
186.0629 	EXP 	LabReport1: status = STOPPED
186.1016 	INFO 	saved data to 'C:\\Users\\User\\Desktop\\AU\\SEM5\\PSY310\\data/799843_LabReport1_2024-09-11_19h16.46.359.csv'
186.1026 	INFO 	saved data to C:\Users\User\Desktop\AU\SEM5\PSY310\data/799843_LabReport1_2024-09-11_19h16.46.359.psydat
186.1545 	EXP 	window1: mouseVisible = True
