16.3346 	INFO 	Loaded monitor calibration from ['2024_08_08 19:17']
16.6153 	EXP 	Created window1 = Window(allowGUI=True, allowStencil=True, autoLog=True, backendConf=UNKNOWN, backgroundFit=<method-wrapper '__getattribute__' of attributeSetter object at 0x000001B6C15635E0>, backgroundImage=<method-wrapper '__getattribute__' of attributeSetter object at 0x000001B6C1563580>, bitsMode=UNKNOWN, blendMode='avg', bpc=(8, 8, 8), color=array([0, 0, 0]), colorSpace='rgb', depthBits=8, fullscr=<method-wrapper '__getattribute__' of attributeSetter object at 0x000001B6C15633D0>, gamma=None, gammaErrorPolicy='raise', infoMsg=UNKNOWN, lms=UNKNOWN, monitor=<psychopy.monitors.calibTools.Monitor object at 0x000001B6C16D1AF0>, multiSample=False, name='window1', numSamples=2, pos=[320.0, 200.0], screen=0, size=array([1280,  800]), stencilBits=8, stereo=False, title='PsychoPy', units='height', useFBO=True, useRetina=False, viewOri=0.0, viewPos=None, viewScale=None, waitBlanking=True, winType='pyglet')
16.6154 	EXP 	window1: backgroundImage = ''
16.6154 	EXP 	window1: backgroundFit = 'none'
16.6157 	EXP 	window1: mouseVisible = <method-wrapper '__getattribute__' of attributeSetter object at 0x000001B6C1563700>
16.6160 	EXP 	window1: mouseVisible = <method-wrapper '__getattribute__' of attributeSetter object at 0x000001B6C1563700>
16.6192 	EXP 	window1: mouseVisible = <method-wrapper '__getattribute__' of attributeSetter object at 0x000001B6C1563700>
16.6202 	EXP 	window1: mouseVisible = <method-wrapper '__getattribute__' of attributeSetter object at 0x000001B6C1563700>
16.6902 	EXP 	window1: mouseVisible = <method-wrapper '__getattribute__' of attributeSetter object at 0x000001B6C1563700>
16.6903 	EXP 	window1: mouseVisible = <method-wrapper '__getattribute__' of attributeSetter object at 0x000001B6C1563700>
16.6912 	EXP 	window1: mouseVisible = <method-wrapper '__getattribute__' of attributeSetter object at 0x000001B6C1563700>
16.6919 	EXP 	window1: mouseVisible = <method-wrapper '__getattribute__' of attributeSetter object at 0x000001B6C1563700>
16.7105 	EXP 	window1: Attempting to measure frame rate of screen (0) ...
16.7105 	EXP 	window1: recordFrameIntervals = False
16.9020 	EXP 	window1: recordFrameIntervals = True
16.9437 	WARNING 	t of last frame was 21.98ms (=1/45)
16.9686 	WARNING 	t of last frame was 24.96ms (=1/40)
17.1550 	EXP 	Screen (0) actual frame rate measured at 59.83Hz
17.1551 	EXP 	window1: recordFrameIntervals = False
17.1552 	EXP 	window1: mouseVisible = True
17.1708 	WARNING 	launchHubServer: If using the iohub mouse or eyetracker devices, fullScr should be True.
21.0002 	INFO 	keyboard.Keyboard is using iohub backend.
21.0002 	EXP 	wordpriming: status = STARTED
21.0007 	EXP 	window1: mouseVisible = True
21.0322 	EXP 	Created text = TextStim(__class__=<class 'psychopy.visual.text.TextStim'>, alignHoriz=method-wrapper(...), alignText='center', alignVert=method-wrapper(...), anchorHoriz='center', anchorVert='center', antialias=True, autoDraw=False, autoLog=True, bold=False, color=array([1., 1., 1.]), colorSpace='rgb', contrast=1.0, depth=0.0, draggable=False, flipHoriz=False, flipVert=False, font='Arial', fontFiles=[], height=0.05, italic=False, languageStyle='LTR', name='text', opacity=1, ori=0.0, pos=array([0., 0.]), rgb=UNKNOWN, text='', units='height', win=Window(...), wrapWidth=1)
21.0401 	EXP 	window1: mouseVisible = True
21.0425 	EXP 	window1: mouseVisible = True
21.0427 	EXP 	window1: mouseVisible = True
21.0437 	EXP 	window1: mouseVisible = True
21.0447 	EXP 	window1: mouseVisible = True
21.0552 	EXP 	window1: mouseVisible = True
21.0553 	EXP 	window1: mouseVisible = True
21.0561 	EXP 	window1: mouseVisible = True
21.0567 	EXP 	window1: mouseVisible = True
21.0643 	EXP 	window1: mouseVisible = True
21.0644 	EXP 	window1: mouseVisible = True
21.0651 	EXP 	window1: mouseVisible = True
21.0658 	EXP 	window1: mouseVisible = True
21.0747 	EXP 	window1: mouseVisible = True
21.0748 	EXP 	window1: mouseVisible = True
21.0755 	EXP 	window1: mouseVisible = True
21.0763 	EXP 	window1: mouseVisible = True
21.0812 	EXP 	window1: mouseVisible = True
21.0859 	EXP 	window1: mouseVisible = True
21.1005 	EXP 	Created slider = Slider(__class__=<class 'psychopy.visual.slider.Slider'>, autoDraw=False, autoLog=True, borderColor=None, color=None, colorSpace='rgb', depth=-1, fillColor=None, flip=False, font='Open Sans', granularity=0.0, labelColor=None, labelHeight=0.05, labelWrapWidth=None, labels=['Familiar', 'Unfamiliar'], lineColor=None, markerColor=None, name='slider', opacity=None, ori=0.0, pos=array([ 0. , -0.3]), readOnly=False, self=UNKNOWN, size=array([1. , 0.1]), startValue=None, style='rating', styleTweaks=[], ticks=array([1, 2, 3, 4, 5]), units='height', win=Window(...))
21.1006 	EXP 	window1: mouseVisible = True
21.1016 	EXP 	Created text_2 = TextStim(__class__=<class 'psychopy.visual.text.TextStim'>, alignHoriz=method-wrapper(...), alignText='center', alignVert=method-wrapper(...), anchorHoriz='center', anchorVert='center', antialias=True, autoDraw=False, autoLog=True, bold=False, color=array([1., 1., 1.]), colorSpace='rgb', contrast=1.0, depth=0.0, draggable=False, flipHoriz=False, flipVert=False, font='Arial', fontFiles=[], height=0.05, italic=False, languageStyle='LTR', name='text_2', opacity=1, ori=0.0, pos=array([0. , 0.3]), rgb=UNKNOWN, text='', units='height', win=Window(...), wrapWidth=1)
21.1018 	EXP 	window1: mouseVisible = True
21.1019 	EXP 	window1: mouseVisible = True
21.1026 	EXP 	window1: mouseVisible = True
21.1034 	EXP 	window1: mouseVisible = True
21.1086 	EXP 	window1: mouseVisible = True
21.1087 	EXP 	window1: mouseVisible = True
21.1095 	EXP 	window1: mouseVisible = True
21.1102 	EXP 	window1: mouseVisible = True
21.1355 	EXP 	window1: mouseVisible = True
21.1806 	EXP 	Created text_3 = TextStim(__class__=<class 'psychopy.visual.text.TextStim'>, alignHoriz=method-wrapper(...), alignText='center', alignVert=method-wrapper(...), anchorHoriz='center', anchorVert='center', antialias=True, autoDraw=False, autoLog=True, bold=False, color=array([1., 1., 1.]), colorSpace='rgb', contrast=1.0, depth=-2.0, draggable=False, flipHoriz=False, flipVert=False, font='Arial', fontFiles=[], height=0.05, italic=False, languageStyle='LTR', name='text_3', opacity=1, ori=0.0, pos=array([ 0. , -0.3]), rgb=UNKNOWN, text='Click to Submit', units='height', win=Window(...), wrapWidth=1)
0.0334 	EXP 	slider: autoLog = True
0.0334 	EXP 	slider: styleTweaks = []
0.0334 	EXP 	slider: styleTweaks = []
0.0334 	EXP 	slider: styleTweaks = []
0.0334 	EXP 	slider: styleTweaks = []
0.0334 	EXP 	slider: contrast = 1.0
0.0334 	EXP 	slider: markerPos = None
0.0334 	EXP 	slider: autoLog = True
0.0334 	EXP 	textbox: autoLog = True
0.0398 	EXP 	Imported C:/Users/User/Desktop/AU/SEM5/PSY310/Experiments/study_test.xlsx as conditions, 15 conditions, 1 params
0.0402 	EXP 	New trial (rep=0, index=0): <Trial 0 (0 in rep 0) data={'study_test': 'Police', 'thisN': 0, 'thisTrialN': 0, 'thisRepN': 0}>
0.0680 	EXP 	text: height = 0.05
0.0680 	EXP 	text: height = 0.05
0.0680 	EXP 	text: height = 0.05
0.0680 	EXP 	text: text = 'Police'
0.0680 	EXP 	slider: markerPos = None
0.0680 	EXP 	slider: markerPos = None
0.0680 	EXP 	text: autoDraw = True
0.0680 	EXP 	slider: autoDraw = True
2.3008 	DATA 	Mouse: Left button down, pos=(333,177)
2.3166 	EXP 	slider: markerPos = 1.465
2.3327 	EXP 	slider: markerPos = 1.465
2.3496 	EXP 	slider: markerPos = 1.465
2.3662 	EXP 	slider: markerPos = 1.465
2.3828 	EXP 	slider: markerPos = 1.465
2.3901 	DATA 	Mouse:  Left button up, pos=(333,177)
2.4002 	EXP 	slider: markerPos = 1.465
2.4165 	EXP 	slider: markerPos = 1.465
2.4179 	EXP 	New trial (rep=0, index=1): <Trial 1 (1 in rep 0) data={'study_test': 'Laptop', 'thisN': 1, 'thisTrialN': 1, 'thisRepN': 0}>
2.4326 	EXP 	text: autoDraw = False
2.4326 	EXP 	slider: autoDraw = False
2.4326 	EXP 	text: height = 0.05
2.4326 	EXP 	text: height = 0.05
2.4326 	EXP 	text: height = 0.05
2.4326 	EXP 	text: text = 'Laptop'
2.4326 	EXP 	slider: markerPos = None
2.4326 	EXP 	slider: markerPos = None
2.4326 	EXP 	text: autoDraw = True
2.4326 	EXP 	slider: autoDraw = True
3.4850 	DATA 	Mouse: Left button down, pos=(512,157)
3.5147 	EXP 	slider: markerPos = 2.36
3.5331 	EXP 	slider: markerPos = 2.36
3.5648 	EXP 	slider: markerPos = 2.36
3.5832 	EXP 	slider: markerPos = 2.36
3.5997 	EXP 	slider: markerPos = 2.36
3.6166 	EXP 	slider: markerPos = 2.36
3.6182 	DATA 	Mouse:  Left button up, pos=(512,157)
3.6330 	EXP 	slider: markerPos = 2.36
3.6344 	EXP 	New trial (rep=0, index=2): <Trial 2 (2 in rep 0) data={'study_test': 'T-shirt', 'thisN': 2, 'thisTrialN': 2, 'thisRepN': 0}>
3.6665 	EXP 	text: autoDraw = False
3.6665 	EXP 	slider: autoDraw = False
3.6665 	EXP 	text: height = 0.05
3.6665 	EXP 	text: height = 0.05
3.6665 	EXP 	text: height = 0.05
3.6665 	EXP 	text: text = 'T-shirt'
3.6665 	EXP 	slider: markerPos = None
3.6665 	EXP 	slider: markerPos = None
3.6665 	EXP 	text: autoDraw = True
3.6665 	EXP 	slider: autoDraw = True
4.9522 	DATA 	Mouse: Left button down, pos=(431,155)
4.9683 	EXP 	slider: markerPos = 1.955
4.9845 	EXP 	slider: markerPos = 1.955
5.0004 	EXP 	slider: markerPos = 1.955
5.0176 	EXP 	slider: markerPos = 1.955
5.0336 	EXP 	slider: markerPos = 1.955
5.0516 	EXP 	slider: markerPos = 1.955
5.0654 	EXP 	slider: markerPos = 1.955
5.0816 	EXP 	slider: markerPos = 1.955
5.0985 	EXP 	slider: markerPos = 1.955
5.0996 	DATA 	Mouse:  Left button up, pos=(431,155)
5.1156 	EXP 	slider: markerPos = 1.955
5.1171 	EXP 	New trial (rep=0, index=3): <Trial 3 (3 in rep 0) data={'study_test': 'book', 'thisN': 3, 'thisTrialN': 3, 'thisRepN': 0}>
5.1318 	EXP 	text: autoDraw = False
5.1318 	EXP 	slider: autoDraw = False
5.1318 	EXP 	text: height = 0.05
5.1318 	EXP 	text: height = 0.05
5.1318 	EXP 	text: height = 0.05
5.1318 	EXP 	text: text = 'book'
5.1318 	EXP 	slider: markerPos = None
5.1318 	EXP 	slider: markerPos = None
5.1318 	EXP 	text: autoDraw = True
5.1318 	EXP 	slider: autoDraw = True
6.1546 	DATA 	Mouse: Left button down, pos=(260,178)
6.1818 	EXP 	slider: markerPos = 1.1
6.1979 	EXP 	slider: markerPos = 1.1
6.2142 	EXP 	slider: markerPos = 1.1
6.2311 	EXP 	slider: markerPos = 1.1
6.2478 	EXP 	slider: markerPos = 1.1
6.2643 	EXP 	slider: markerPos = 1.1
6.2810 	EXP 	slider: markerPos = 1.1
6.2978 	EXP 	slider: markerPos = 1.1
6.3148 	EXP 	slider: markerPos = 1.1
6.3220 	DATA 	Mouse:  Left button up, pos=(260,178)
6.3315 	EXP 	slider: markerPos = 1.1
6.3481 	EXP 	slider: markerPos = 1.1
6.3493 	EXP 	New trial (rep=0, index=4): <Trial 4 (4 in rep 0) data={'study_test': 'cushion', 'thisN': 4, 'thisTrialN': 4, 'thisRepN': 0}>
6.3648 	EXP 	text: autoDraw = False
6.3648 	EXP 	slider: autoDraw = False
6.3648 	EXP 	text: height = 0.05
6.3648 	EXP 	text: height = 0.05
6.3648 	EXP 	text: height = 0.05
6.3648 	EXP 	text: text = 'cushion'
6.3648 	EXP 	slider: markerPos = None
6.3648 	EXP 	slider: markerPos = None
6.3648 	EXP 	text: autoDraw = True
6.3648 	EXP 	slider: autoDraw = True
7.5327 	DATA 	Mouse: Left button down, pos=(582,165)
7.5483 	EXP 	slider: markerPos = 2.71
7.5644 	EXP 	slider: markerPos = 2.71
7.5813 	EXP 	slider: markerPos = 2.71
7.5975 	EXP 	slider: markerPos = 2.71
7.6142 	EXP 	slider: markerPos = 2.71
7.6304 	EXP 	slider: markerPos = 2.71
7.6475 	EXP 	slider: markerPos = 2.71
7.6639 	EXP 	slider: markerPos = 2.71
7.6807 	EXP 	slider: markerPos = 2.71
7.6970 	EXP 	slider: markerPos = 2.71
7.7137 	EXP 	slider: markerPos = 2.71
7.7150 	DATA 	Mouse:  Left button up, pos=(582,165)
7.7313 	EXP 	slider: markerPos = 2.71
7.7326 	EXP 	New trial (rep=0, index=5): <Trial 5 (5 in rep 0) data={'study_test': 'mouse', 'thisN': 5, 'thisTrialN': 5, 'thisRepN': 0}>
7.7475 	EXP 	text: autoDraw = False
7.7475 	EXP 	slider: autoDraw = False
7.7475 	EXP 	text: height = 0.05
7.7475 	EXP 	text: height = 0.05
7.7475 	EXP 	text: height = 0.05
7.7475 	EXP 	text: text = 'mouse'
7.7475 	EXP 	slider: markerPos = None
7.7475 	EXP 	slider: markerPos = None
7.7475 	EXP 	text: autoDraw = True
7.7475 	EXP 	slider: autoDraw = True
8.6268 	DATA 	Mouse: Left button down, pos=(380,168)
8.6671 	EXP 	slider: markerPos = 1.7
8.6809 	EXP 	slider: markerPos = 1.7
8.6971 	EXP 	slider: markerPos = 1.7
8.7130 	EXP 	slider: markerPos = 1.7
8.7311 	EXP 	slider: markerPos = 1.7
8.7468 	EXP 	slider: markerPos = 1.7
8.7632 	EXP 	slider: markerPos = 1.7
8.7800 	EXP 	slider: markerPos = 1.7
8.7965 	EXP 	slider: markerPos = 1.7
8.7977 	DATA 	Mouse:  Left button up, pos=(380,168)
8.8137 	EXP 	slider: markerPos = 1.7
8.8155 	EXP 	New trial (rep=0, index=6): <Trial 6 (6 in rep 0) data={'study_test': 'Keys', 'thisN': 6, 'thisTrialN': 6, 'thisRepN': 0}>
8.8456 	EXP 	text: autoDraw = False
8.8456 	EXP 	slider: autoDraw = False
8.8456 	EXP 	text: height = 0.05
8.8456 	EXP 	text: height = 0.05
8.8456 	EXP 	text: height = 0.05
8.8456 	EXP 	text: text = 'Keys'
8.8456 	EXP 	slider: markerPos = None
8.8456 	EXP 	slider: markerPos = None
8.8456 	EXP 	text: autoDraw = True
8.8456 	EXP 	slider: autoDraw = True
9.9807 	DATA 	Mouse: Left button down, pos=(696,165)
9.9964 	EXP 	slider: markerPos = 3.2800000000000002
10.0132 	EXP 	slider: markerPos = 3.2800000000000002
10.0295 	EXP 	slider: markerPos = 3.2800000000000002
10.0461 	EXP 	slider: markerPos = 3.2800000000000002
10.0629 	EXP 	slider: markerPos = 3.2800000000000002
10.0794 	EXP 	slider: markerPos = 3.2800000000000002
10.0962 	EXP 	slider: markerPos = 3.2800000000000002
10.1130 	EXP 	slider: markerPos = 3.2800000000000002
10.1295 	EXP 	slider: markerPos = 3.2800000000000002
10.1460 	EXP 	slider: markerPos = 3.2800000000000002
10.1472 	DATA 	Mouse:  Left button up, pos=(696,165)
10.1632 	EXP 	slider: markerPos = 3.2800000000000002
10.1644 	EXP 	New trial (rep=0, index=7): <Trial 7 (7 in rep 0) data={'study_test': 'Case', 'thisN': 7, 'thisTrialN': 7, 'thisRepN': 0}>
10.1797 	EXP 	text: autoDraw = False
10.1797 	EXP 	slider: autoDraw = False
10.1797 	EXP 	text: height = 0.05
10.1797 	EXP 	text: height = 0.05
10.1797 	EXP 	text: height = 0.05
10.1797 	EXP 	text: text = 'Case'
10.1797 	EXP 	slider: markerPos = None
10.1797 	EXP 	slider: markerPos = None
10.1797 	EXP 	text: autoDraw = True
10.1797 	EXP 	slider: autoDraw = True
11.1139 	DATA 	Mouse: Left button down, pos=(326,166)
11.1293 	EXP 	slider: markerPos = 1.43
11.1456 	EXP 	slider: markerPos = 1.43
11.1624 	EXP 	slider: markerPos = 1.43
11.1793 	EXP 	slider: markerPos = 1.43
11.1956 	EXP 	slider: markerPos = 1.43
11.2122 	EXP 	slider: markerPos = 1.43
11.2287 	EXP 	slider: markerPos = 1.43
11.2453 	EXP 	slider: markerPos = 1.43
11.2623 	EXP 	slider: markerPos = 1.43
11.2787 	EXP 	slider: markerPos = 1.43
11.2860 	DATA 	Mouse:  Left button up, pos=(326,166)
11.2965 	EXP 	slider: markerPos = 1.43
11.3129 	EXP 	slider: markerPos = 1.43
11.3139 	EXP 	New trial (rep=0, index=8): <Trial 8 (8 in rep 0) data={'study_test': 'Cruise', 'thisN': 8, 'thisTrialN': 8, 'thisRepN': 0}>
11.3294 	EXP 	text: autoDraw = False
11.3294 	EXP 	slider: autoDraw = False
11.3294 	EXP 	text: height = 0.05
11.3294 	EXP 	text: height = 0.05
11.3294 	EXP 	text: height = 0.05
11.3294 	EXP 	text: text = 'Cruise'
11.3294 	EXP 	slider: markerPos = None
11.3294 	EXP 	slider: markerPos = None
11.3294 	EXP 	text: autoDraw = True
11.3294 	EXP 	slider: autoDraw = True
12.5130 	DATA 	Mouse: Left button down, pos=(584,160)
12.5288 	EXP 	slider: markerPos = 2.7199999999999998
12.5458 	EXP 	slider: markerPos = 2.7199999999999998
12.5620 	EXP 	slider: markerPos = 2.7199999999999998
12.5788 	EXP 	slider: markerPos = 2.7199999999999998
12.5955 	EXP 	slider: markerPos = 2.7199999999999998
12.6118 	EXP 	slider: markerPos = 2.7199999999999998
12.6285 	EXP 	slider: markerPos = 2.7199999999999998
12.6452 	EXP 	slider: markerPos = 2.7199999999999998
12.6529 	DATA 	Mouse:  Left button up, pos=(584,160)
12.6621 	EXP 	slider: markerPos = 2.7199999999999998
12.6786 	EXP 	slider: markerPos = 2.7199999999999998
12.6797 	EXP 	New trial (rep=0, index=9): <Trial 9 (9 in rep 0) data={'study_test': 'marble', 'thisN': 9, 'thisTrialN': 9, 'thisRepN': 0}>
12.6951 	EXP 	text: autoDraw = False
12.6951 	EXP 	slider: autoDraw = False
12.6951 	EXP 	text: height = 0.05
12.6951 	EXP 	text: height = 0.05
12.6951 	EXP 	text: height = 0.05
12.6951 	EXP 	text: text = 'marble'
12.6951 	EXP 	slider: markerPos = None
12.6951 	EXP 	slider: markerPos = None
12.6951 	EXP 	text: autoDraw = True
12.6951 	EXP 	slider: autoDraw = True
13.6476 	DATA 	Mouse: Left button down, pos=(263,169)
13.6656 	EXP 	slider: markerPos = 1.115
13.6956 	EXP 	slider: markerPos = 1.115
13.7114 	EXP 	slider: markerPos = 1.115
13.7284 	EXP 	slider: markerPos = 1.115
13.7449 	EXP 	slider: markerPos = 1.115
13.7613 	EXP 	slider: markerPos = 1.115
13.7781 	EXP 	slider: markerPos = 1.115
13.7946 	EXP 	slider: markerPos = 1.115
13.8114 	EXP 	slider: markerPos = 1.115
13.8284 	EXP 	slider: markerPos = 1.115
13.8297 	DATA 	Mouse:  Left button up, pos=(263,169)
13.8450 	EXP 	slider: markerPos = 1.115
13.8462 	EXP 	New trial (rep=0, index=10): <Trial 10 (10 in rep 0) data={'study_test': 'Chart', 'thisN': 10, 'thisTrialN': 10, 'thisRepN': 0}>
13.8616 	EXP 	text: autoDraw = False
13.8616 	EXP 	slider: autoDraw = False
13.8616 	EXP 	text: height = 0.05
13.8616 	EXP 	text: height = 0.05
13.8616 	EXP 	text: height = 0.05
13.8616 	EXP 	text: text = 'Chart'
13.8616 	EXP 	slider: markerPos = None
13.8616 	EXP 	slider: markerPos = None
13.8616 	EXP 	text: autoDraw = True
13.8616 	EXP 	slider: autoDraw = True
14.9951 	DATA 	Mouse: Left button down, pos=(798,170)
15.0113 	EXP 	slider: markerPos = 3.79
15.0278 	EXP 	slider: markerPos = 3.79
15.0441 	EXP 	slider: markerPos = 3.79
15.0606 	EXP 	slider: markerPos = 3.79
15.0771 	EXP 	slider: markerPos = 3.79
15.0937 	EXP 	slider: markerPos = 3.79
15.1110 	EXP 	slider: markerPos = 3.79
15.1277 	EXP 	slider: markerPos = 3.79
15.1444 	EXP 	slider: markerPos = 3.79
15.1609 	EXP 	slider: markerPos = 3.79
15.1770 	EXP 	slider: markerPos = 3.79
15.1782 	DATA 	Mouse:  Left button up, pos=(798,170)
15.1943 	EXP 	slider: markerPos = 3.79
15.1955 	EXP 	New trial (rep=0, index=11): <Trial 11 (11 in rep 0) data={'study_test': 'Pastry', 'thisN': 11, 'thisTrialN': 11, 'thisRepN': 0}>
15.2113 	EXP 	text: autoDraw = False
15.2113 	EXP 	slider: autoDraw = False
15.2113 	EXP 	text: height = 0.05
15.2113 	EXP 	text: height = 0.05
15.2113 	EXP 	text: height = 0.05
15.2113 	EXP 	text: text = 'Pastry'
15.2113 	EXP 	slider: markerPos = None
15.2113 	EXP 	slider: markerPos = None
15.2113 	EXP 	text: autoDraw = True
15.2113 	EXP 	slider: autoDraw = True
16.0780 	DATA 	Mouse: Left button down, pos=(502,170)
16.0945 	EXP 	slider: markerPos = 2.31
16.1107 	EXP 	slider: markerPos = 2.31
16.1270 	EXP 	slider: markerPos = 2.31
16.1435 	EXP 	slider: markerPos = 2.31
16.1605 	EXP 	slider: markerPos = 2.31
16.1769 	EXP 	slider: markerPos = 2.31
16.1936 	EXP 	slider: markerPos = 2.31
16.2109 	EXP 	slider: markerPos = 2.31
16.2270 	EXP 	slider: markerPos = 2.31
16.2435 	EXP 	slider: markerPos = 2.31
16.2605 	EXP 	slider: markerPos = 2.31
16.2616 	DATA 	Mouse:  Left button up, pos=(502,170)
16.2771 	EXP 	slider: markerPos = 2.31
16.2783 	EXP 	New trial (rep=0, index=12): <Trial 12 (12 in rep 0) data={'study_test': 'board', 'thisN': 12, 'thisTrialN': 12, 'thisRepN': 0}>
16.2935 	EXP 	text: autoDraw = False
16.2935 	EXP 	slider: autoDraw = False
16.2935 	EXP 	text: height = 0.05
16.2935 	EXP 	text: height = 0.05
16.2935 	EXP 	text: height = 0.05
16.2935 	EXP 	text: text = 'board'
16.2935 	EXP 	slider: markerPos = None
16.2935 	EXP 	slider: markerPos = None
16.2935 	EXP 	text: autoDraw = True
16.2935 	EXP 	slider: autoDraw = True
17.3939 	DATA 	Mouse: Left button down, pos=(969,162)
17.4101 	EXP 	slider: markerPos = 4.645
17.4267 	EXP 	slider: markerPos = 4.645
17.4431 	EXP 	slider: markerPos = 4.645
17.4598 	EXP 	slider: markerPos = 4.645
17.4782 	EXP 	slider: markerPos = 4.645
17.4931 	EXP 	slider: markerPos = 4.645
17.5097 	EXP 	slider: markerPos = 4.645
17.5263 	EXP 	slider: markerPos = 4.645
17.5436 	EXP 	slider: markerPos = 4.645
17.5593 	EXP 	slider: markerPos = 4.645
17.5765 	EXP 	slider: markerPos = 4.645
17.5853 	DATA 	Mouse:  Left button up, pos=(969,162)
17.5933 	EXP 	slider: markerPos = 4.645
17.6100 	EXP 	slider: markerPos = 4.645
17.6114 	EXP 	New trial (rep=0, index=13): <Trial 13 (13 in rep 0) data={'study_test': 'Poster', 'thisN': 13, 'thisTrialN': 13, 'thisRepN': 0}>
17.6264 	EXP 	text: autoDraw = False
17.6264 	EXP 	slider: autoDraw = False
17.6264 	EXP 	text: height = 0.05
17.6264 	EXP 	text: height = 0.05
17.6264 	EXP 	text: height = 0.05
17.6264 	EXP 	text: text = 'Poster'
17.6264 	EXP 	slider: markerPos = None
17.6264 	EXP 	slider: markerPos = None
17.6264 	EXP 	text: autoDraw = True
17.6264 	EXP 	slider: autoDraw = True
18.6304 	DATA 	Mouse: Left button down, pos=(385,169)
18.6581 	EXP 	slider: markerPos = 1.725
18.6766 	EXP 	slider: markerPos = 1.725
18.6931 	EXP 	slider: markerPos = 1.725
18.7124 	EXP 	slider: markerPos = 1.725
18.7292 	EXP 	slider: markerPos = 1.725
18.7432 	EXP 	slider: markerPos = 1.725
18.7594 	EXP 	slider: markerPos = 1.725
18.7760 	EXP 	slider: markerPos = 1.725
18.7926 	EXP 	slider: markerPos = 1.725
18.8097 	EXP 	slider: markerPos = 1.725
18.8169 	DATA 	Mouse:  Left button up, pos=(385,169)
18.8268 	EXP 	slider: markerPos = 1.725
18.8428 	EXP 	slider: markerPos = 1.725
18.8439 	EXP 	New trial (rep=0, index=14): <Trial 14 (14 in rep 0) data={'study_test': 'phone', 'thisN': 14, 'thisTrialN': 14, 'thisRepN': 0}>
18.8591 	EXP 	text: autoDraw = False
18.8591 	EXP 	slider: autoDraw = False
18.8591 	EXP 	text: height = 0.05
18.8591 	EXP 	text: height = 0.05
18.8591 	EXP 	text: height = 0.05
18.8591 	EXP 	text: text = 'phone'
18.8591 	EXP 	slider: markerPos = None
18.8591 	EXP 	slider: markerPos = None
18.8591 	EXP 	text: autoDraw = True
18.8591 	EXP 	slider: autoDraw = True
19.7345 	DATA 	Mouse: Left button down, pos=(257,169)
19.7588 	EXP 	slider: markerPos = 1.085
19.7755 	EXP 	slider: markerPos = 1.085
19.7919 	EXP 	slider: markerPos = 1.085
19.8090 	EXP 	slider: markerPos = 1.085
19.8256 	EXP 	slider: markerPos = 1.085
19.8420 	EXP 	slider: markerPos = 1.085
19.8588 	EXP 	slider: markerPos = 1.085
19.8750 	EXP 	slider: markerPos = 1.085
19.8924 	EXP 	slider: markerPos = 1.085
19.9084 	EXP 	slider: markerPos = 1.085
19.9098 	DATA 	Mouse:  Left button up, pos=(257,169)
19.9259 	EXP 	slider: markerPos = 1.085
19.9347 	EXP 	Imported C:/Users/User/Desktop/AU/SEM5/PSY310/Experiments/test.xlsx as conditions, 20 conditions, 3 params
19.9352 	EXP 	New trial (rep=0, index=0): <Trial 0 (0 in rep 0) data={'test_word': 'P_str_', 'Reference': 'Pastry', 'old_new': 'old', 'thisN': 0, 'thisTrialN': 0, 'thisRepN': 0}>
19.9587 	EXP 	text: autoDraw = False
19.9587 	EXP 	slider: autoDraw = False
19.9587 	EXP 	text_2: height = 0.05
19.9587 	EXP 	text_2: height = 0.05
19.9587 	EXP 	text_2: height = 0.05
19.9587 	EXP 	text_2: text = 'P_str_'
19.9587 	EXP 	text_2: autoDraw = True
19.9587 	EXP 	textbox: autoDraw = True
19.9587 	EXP 	text_3: autoDraw = True
22.0094 	DATA 	Keypress: p
22.5919 	DATA 	Keypress: s
22.9575 	DATA 	Keypress: d
24.0412 	DATA 	Keypress: backspace
24.2575 	DATA 	Keypress: backspace
25.1605 	DATA 	Keypress: a
25.3781 	DATA 	Keypress: s
25.6571 	DATA 	Keypress: t
25.9074 	DATA 	Keypress: r
26.0075 	DATA 	Keypress: y
27.1230 	DATA 	Mouse: Left button down, pos=(647,165)
27.1244 	EXP 	New trial (rep=0, index=1): <Trial 1 (1 in rep 0) data={'test_word': 'c_m_ra', 'Reference': 'Camera', 'old_new': 'new', 'thisN': 1, 'thisTrialN': 1, 'thisRepN': 0}>
27.1546 	EXP 	text_2: autoDraw = False
27.1546 	EXP 	textbox: autoDraw = False
27.1546 	EXP 	text_3: autoDraw = False
27.1546 	EXP 	text_2: height = 0.05
27.1546 	EXP 	text_2: height = 0.05
27.1546 	EXP 	text_2: height = 0.05
27.1546 	EXP 	text_2: text = 'c_m_ra'
27.1546 	EXP 	text_2: autoDraw = True
27.1546 	EXP 	textbox: autoDraw = True
27.1546 	EXP 	text_3: autoDraw = True
27.3056 	DATA 	Mouse:  Left button up, pos=(647,165)
27.9567 	DATA 	Keypress: v
28.7426 	DATA 	Keypress: backspace
29.1059 	DATA 	Keypress: c
29.3221 	DATA 	Keypress: a
30.1393 	DATA 	Keypress: m
30.5550 	DATA 	Keypress: e
30.7378 	DATA 	Keypress: r
30.9884 	DATA 	Keypress: a
33.7629 	DATA 	Mouse: Left button down, pos=(647,165)
33.7716 	EXP 	New trial (rep=0, index=2): <Trial 2 (2 in rep 0) data={'test_word': 'p_nc_l', 'Reference': 'Pencil', 'old_new': 'new', 'thisN': 2, 'thisTrialN': 2, 'thisRepN': 0}>
33.7864 	EXP 	text_2: autoDraw = False
33.7864 	EXP 	textbox: autoDraw = False
33.7864 	EXP 	text_3: autoDraw = False
33.7864 	EXP 	text_2: height = 0.05
33.7864 	EXP 	text_2: height = 0.05
33.7864 	EXP 	text_2: height = 0.05
33.7864 	EXP 	text_2: text = 'p_nc_l'
33.7864 	EXP 	text_2: autoDraw = True
33.7864 	EXP 	textbox: autoDraw = True
33.7864 	EXP 	text_3: autoDraw = True
33.9421 	DATA 	Mouse:  Left button up, pos=(647,165)
34.7860 	DATA 	Keypress: bracketleft
34.9694 	DATA 	Keypress: r
35.4229 	DATA 	Keypress: n
35.6689 	DATA 	Keypress: c
35.8188 	DATA 	Keypress: i
36.0692 	DATA 	Keypress: semicolon
36.4360 	DATA 	Keypress: backspace
36.6189 	DATA 	Keypress: backspace
36.7724 	DATA 	Keypress: backspace
36.9548 	DATA 	Keypress: backspace
37.1027 	DATA 	Keypress: backspace
37.2519 	DATA 	Keypress: backspace
37.7244 	DATA 	Keypress: p
37.8560 	DATA 	Keypress: r
38.0866 	DATA 	Keypress: m
38.4015 	DATA 	Keypress: backspace
38.6708 	DATA 	Keypress: n
38.8414 	DATA 	Keypress: c
38.9508 	DATA 	Keypress: i
39.3842 	DATA 	Keypress: backspace
39.5538 	DATA 	Keypress: backspace
39.7176 	DATA 	Keypress: backspace
39.8676 	DATA 	Keypress: backspace
40.0683 	DATA 	Keypress: r
40.3173 	DATA 	Keypress: n
40.5833 	DATA 	Keypress: c
40.7004 	DATA 	Keypress: i
40.9335 	DATA 	Keypress: l
41.2671 	DATA 	Keypress: backspace
41.4332 	DATA 	Keypress: backspace
41.5840 	DATA 	Keypress: backspace
41.7377 	DATA 	Keypress: backspace
41.9005 	DATA 	Keypress: backspace
42.5332 	DATA 	Keypress: e
43.4652 	DATA 	Keypress: n
43.6503 	DATA 	Keypress: c
43.7830 	EXP 	New trial (rep=0, index=3): <Trial 3 (3 in rep 0) data={'test_word': '_o_rd', 'Reference': 'Board', 'old_new': 'old', 'thisN': 3, 'thisTrialN': 3, 'thisRepN': 0}>
43.7856 	DATA 	Keypress: i
43.7991 	EXP 	text_2: autoDraw = False
43.7991 	EXP 	textbox: autoDraw = False
43.7991 	EXP 	text_3: autoDraw = False
43.7991 	EXP 	text_2: height = 0.05
43.7991 	EXP 	text_2: height = 0.05
43.7991 	EXP 	text_2: height = 0.05
43.7991 	EXP 	text_2: text = '_o_rd'
43.7991 	EXP 	text_2: autoDraw = True
43.7991 	EXP 	textbox: autoDraw = True
43.7991 	EXP 	text_3: autoDraw = True
44.0169 	DATA 	Keypress: l
44.6819 	DATA 	Keypress: backspace
44.9654 	DATA 	Keypress: backspace
45.4559 	DATA 	Keypress: b
46.3150 	DATA 	Keypress: o
46.4645 	DATA 	Keypress: s
46.6810 	DATA 	Keypress: r
46.9000 	DATA 	Keypress: d
47.7145 	DATA 	Keypress: home
47.9169 	DATA 	Keypress: home
48.1862 	DATA 	Keypress: backspace
48.3839 	DATA 	Keypress: backspace
49.9995 	DATA 	Mouse: Left button down, pos=(649,406)
50.1636 	DATA 	Mouse:  Left button up, pos=(649,406)
50.2626 	DATA 	Mouse: Left button down, pos=(649,406)
50.4131 	DATA 	Mouse:  Left button up, pos=(649,406)
50.8627 	DATA 	Mouse: Left button down, pos=(652,396)
50.9129 	DATA 	Mouse:  Left button up, pos=(652,396)
51.4792 	DATA 	Keypress: right
51.7000 	DATA 	Keypress: right
52.0622 	DATA 	Keypress: right
52.7493 	DATA 	Keypress: backspace
53.7787 	EXP 	New trial (rep=0, index=4): <Trial 4 (4 in rep 0) data={'test_word': '_ha_t', 'Reference': 'Chart', 'old_new': 'old', 'thisN': 4, 'thisTrialN': 4, 'thisRepN': 0}>
53.7942 	EXP 	text_2: autoDraw = False
53.7942 	EXP 	textbox: autoDraw = False
53.7942 	EXP 	text_3: autoDraw = False
53.7942 	EXP 	text_2: height = 0.05
53.7942 	EXP 	text_2: height = 0.05
53.7942 	EXP 	text_2: height = 0.05
53.7942 	EXP 	text_2: text = '_ha_t'
53.7942 	EXP 	text_2: autoDraw = True
53.7942 	EXP 	textbox: autoDraw = True
53.7942 	EXP 	text_3: autoDraw = True
53.8787 	DATA 	Keypress: a
55.4612 	DATA 	Keypress: backspace
55.8112 	DATA 	Keypress: c
55.9777 	DATA 	Keypress: h
56.2436 	DATA 	Keypress: a
56.5307 	DATA 	Keypress: r
56.7463 	DATA 	Keypress: t
57.9597 	DATA 	Mouse: Left button down, pos=(674,178)
57.9607 	EXP 	New trial (rep=0, index=5): <Trial 5 (5 in rep 0) data={'test_word': 'bo_t_e', 'Reference': 'Bottle', 'old_new': 'new', 'thisN': 5, 'thisTrialN': 5, 'thisRepN': 0}>
57.9759 	EXP 	text_2: autoDraw = False
57.9759 	EXP 	textbox: autoDraw = False
57.9759 	EXP 	text_3: autoDraw = False
57.9759 	EXP 	text_2: height = 0.05
57.9759 	EXP 	text_2: height = 0.05
57.9759 	EXP 	text_2: height = 0.05
57.9759 	EXP 	text_2: text = 'bo_t_e'
57.9759 	EXP 	text_2: autoDraw = True
57.9759 	EXP 	textbox: autoDraw = True
57.9759 	EXP 	text_3: autoDraw = True
58.1932 	DATA 	Mouse:  Left button up, pos=(674,178)
59.0095 	DATA 	Keypress: b
59.2588 	DATA 	Keypress: o
59.4643 	DATA 	Keypress: t
59.6297 	DATA 	Keypress: t
59.7586 	DATA 	Keypress: l
59.8953 	DATA 	Keypress: e
61.0915 	DATA 	Mouse: Left button down, pos=(701,173)
61.0926 	EXP 	New trial (rep=0, index=6): <Trial 6 (6 in rep 0) data={'test_word': '_ho_e', 'Reference': 'Phone', 'old_new': 'old', 'thisN': 6, 'thisTrialN': 6, 'thisRepN': 0}>
61.1079 	EXP 	text_2: autoDraw = False
61.1079 	EXP 	textbox: autoDraw = False
61.1079 	EXP 	text_3: autoDraw = False
61.1079 	EXP 	text_2: height = 0.05
61.1079 	EXP 	text_2: height = 0.05
61.1079 	EXP 	text_2: height = 0.05
61.1079 	EXP 	text_2: text = '_ho_e'
61.1079 	EXP 	text_2: autoDraw = True
61.1079 	EXP 	textbox: autoDraw = True
61.1079 	EXP 	text_3: autoDraw = True
61.2245 	DATA 	Mouse:  Left button up, pos=(701,173)
62.5156 	DATA 	Keypress: p
62.7416 	DATA 	Keypress: h
62.9254 	DATA 	Keypress: o
63.1077 	DATA 	Keypress: n
63.7103 	DATA 	Keypress: e
64.1261 	DATA 	Mouse: Left button down, pos=(701,173)
64.1274 	EXP 	New trial (rep=0, index=7): <Trial 7 (7 in rep 0) data={'test_word': 't_a_l_', 'Reference': 'Table', 'old_new': 'new', 'thisN': 7, 'thisTrialN': 7, 'thisRepN': 0}>
64.1562 	EXP 	text_2: autoDraw = False
64.1562 	EXP 	textbox: autoDraw = False
64.1562 	EXP 	text_3: autoDraw = False
64.1562 	EXP 	text_2: height = 0.05
64.1562 	EXP 	text_2: height = 0.05
64.1562 	EXP 	text_2: height = 0.05
64.1562 	EXP 	text_2: text = 't_a_l_'
64.1562 	EXP 	text_2: autoDraw = True
64.1562 	EXP 	textbox: autoDraw = True
64.1562 	EXP 	text_3: autoDraw = True
64.2925 	DATA 	Mouse:  Left button up, pos=(701,173)
64.8987 	DATA 	Keypress: t
65.1437 	DATA 	Keypress: a
65.2401 	DATA 	Keypress: b
65.5060 	DATA 	Keypress: l
65.6059 	DATA 	Keypress: e
65.9892 	DATA 	Mouse: Left button down, pos=(701,173)
65.9902 	EXP 	New trial (rep=0, index=8): <Trial 8 (8 in rep 0) data={'test_word': 'T_hi_t', 'Reference': 'Tshirt', 'old_new': 'old', 'thisN': 8, 'thisTrialN': 8, 'thisRepN': 0}>
66.0078 	EXP 	text_2: autoDraw = False
66.0078 	EXP 	textbox: autoDraw = False
66.0078 	EXP 	text_3: autoDraw = False
66.0078 	EXP 	text_2: height = 0.05
66.0078 	EXP 	text_2: height = 0.05
66.0078 	EXP 	text_2: height = 0.05
66.0078 	EXP 	text_2: text = 'T_hi_t'
66.0078 	EXP 	text_2: autoDraw = True
66.0078 	EXP 	textbox: autoDraw = True
66.0078 	EXP 	text_3: autoDraw = True
66.1891 	DATA 	Mouse:  Left button up, pos=(701,173)
66.6896 	DATA 	Keypress: t
66.9395 	DATA 	Keypress: s
67.0397 	DATA 	Keypress: h
67.1889 	DATA 	Keypress: i
67.2773 	DATA 	Keypress: r
67.4773 	DATA 	Keypress: t
67.7219 	DATA 	Mouse: Left button down, pos=(701,173)
67.7232 	EXP 	New trial (rep=0, index=9): <Trial 9 (9 in rep 0) data={'test_word': '_ou_se', 'Reference': 'mouse', 'old_new': 'old', 'thisN': 9, 'thisTrialN': 9, 'thisRepN': 0}>
67.7536 	EXP 	text_2: autoDraw = False
67.7536 	EXP 	textbox: autoDraw = False
67.7536 	EXP 	text_3: autoDraw = False
67.7536 	EXP 	text_2: height = 0.05
67.7536 	EXP 	text_2: height = 0.05
67.7536 	EXP 	text_2: height = 0.05
67.7536 	EXP 	text_2: text = '_ou_se'
67.7536 	EXP 	text_2: autoDraw = True
67.7536 	EXP 	textbox: autoDraw = True
67.7536 	EXP 	text_3: autoDraw = True
67.9053 	DATA 	Mouse:  Left button up, pos=(701,173)
68.6551 	DATA 	Keypress: m
68.9630 	DATA 	Keypress: o
69.2604 	DATA 	Keypress: u
69.3918 	DATA 	Keypress: s
69.6551 	DATA 	Keypress: e
70.1708 	DATA 	Mouse: Left button down, pos=(701,173)
70.1718 	EXP 	New trial (rep=0, index=10): <Trial 10 (10 in rep 0) data={'test_word': '_a_bl_', 'Reference': 'Marble', 'old_new': 'old', 'thisN': 10, 'thisTrialN': 10, 'thisRepN': 0}>
70.1874 	EXP 	text_2: autoDraw = False
70.1874 	EXP 	textbox: autoDraw = False
70.1874 	EXP 	text_3: autoDraw = False
70.1874 	EXP 	text_2: height = 0.05
70.1874 	EXP 	text_2: height = 0.05
70.1874 	EXP 	text_2: height = 0.05
70.1874 	EXP 	text_2: text = '_a_bl_'
70.1874 	EXP 	text_2: autoDraw = True
70.1874 	EXP 	textbox: autoDraw = True
70.1874 	EXP 	text_3: autoDraw = True
70.3096 	DATA 	Mouse:  Left button up, pos=(701,173)
71.8374 	DATA 	Keypress: m
71.9710 	DATA 	Keypress: a
72.1696 	DATA 	Keypress: r
72.3203 	DATA 	Keypress: b
72.5709 	DATA 	Keypress: l
72.7865 	DATA 	Keypress: e
73.1359 	DATA 	Mouse: Left button down, pos=(701,173)
73.1371 	EXP 	New trial (rep=0, index=11): <Trial 11 (11 in rep 0) data={'test_word': 'P_st_r', 'Reference': 'Poster', 'old_new': 'old', 'thisN': 11, 'thisTrialN': 11, 'thisRepN': 0}>
73.1526 	EXP 	text_2: autoDraw = False
73.1526 	EXP 	textbox: autoDraw = False
73.1526 	EXP 	text_3: autoDraw = False
73.1526 	EXP 	text_2: height = 0.05
73.1526 	EXP 	text_2: height = 0.05
73.1526 	EXP 	text_2: height = 0.05
73.1526 	EXP 	text_2: text = 'P_st_r'
73.1526 	EXP 	text_2: autoDraw = True
73.1526 	EXP 	textbox: autoDraw = True
73.1526 	EXP 	text_3: autoDraw = True
73.3194 	DATA 	Mouse:  Left button up, pos=(701,173)
74.0419 	DATA 	Keypress: p
74.2368 	DATA 	Keypress: o
74.3866 	DATA 	Keypress: s
74.6901 	DATA 	Keypress: t
74.9367 	DATA 	Keypress: e
75.0210 	DATA 	Keypress: r
75.4019 	DATA 	Mouse: Left button down, pos=(701,173)
75.4031 	EXP 	New trial (rep=0, index=12): <Trial 12 (12 in rep 0) data={'test_word': 'P_li_e', 'Reference': 'Police', 'old_new': 'old', 'thisN': 12, 'thisTrialN': 12, 'thisRepN': 0}>
75.4184 	EXP 	text_2: autoDraw = False
75.4184 	EXP 	textbox: autoDraw = False
75.4184 	EXP 	text_3: autoDraw = False
75.4184 	EXP 	text_2: height = 0.05
75.4184 	EXP 	text_2: height = 0.05
75.4184 	EXP 	text_2: height = 0.05
75.4184 	EXP 	text_2: text = 'P_li_e'
75.4184 	EXP 	text_2: autoDraw = True
75.4184 	EXP 	textbox: autoDraw = True
75.4184 	EXP 	text_3: autoDraw = True
75.5907 	DATA 	Mouse:  Left button up, pos=(701,173)
76.4084 	DATA 	Keypress: p
76.6185 	DATA 	Keypress: o
76.7844 	DATA 	Keypress: l
77.0358 	DATA 	Keypress: i
77.1850 	DATA 	Keypress: c
77.4354 	DATA 	Keypress: e
77.9014 	DATA 	Mouse: Left button down, pos=(696,175)
77.9026 	EXP 	New trial (rep=0, index=13): <Trial 13 (13 in rep 0) data={'test_word': 'l_pt_p', 'Reference': 'Laptop', 'old_new': 'old', 'thisN': 13, 'thisTrialN': 13, 'thisRepN': 0}>
77.9172 	EXP 	text_2: autoDraw = False
77.9172 	EXP 	textbox: autoDraw = False
77.9172 	EXP 	text_3: autoDraw = False
77.9172 	EXP 	text_2: height = 0.05
77.9172 	EXP 	text_2: height = 0.05
77.9172 	EXP 	text_2: height = 0.05
77.9172 	EXP 	text_2: text = 'l_pt_p'
77.9172 	EXP 	text_2: autoDraw = True
77.9172 	EXP 	textbox: autoDraw = True
77.9172 	EXP 	text_3: autoDraw = True
78.0842 	DATA 	Mouse:  Left button up, pos=(696,175)
78.8570 	DATA 	Keypress: l
79.0532 	DATA 	Keypress: a
79.2225 	DATA 	Keypress: p
79.4679 	DATA 	Keypress: t
79.6003 	DATA 	Keypress: o
79.7500 	DATA 	Keypress: p
80.1832 	DATA 	Mouse: Left button down, pos=(696,175)
80.1845 	EXP 	New trial (rep=0, index=14): <Trial 14 (14 in rep 0) data={'test_word': 'c_s_io_', 'Reference': 'Cushion', 'old_new': 'old', 'thisN': 14, 'thisTrialN': 14, 'thisRepN': 0}>
80.1995 	EXP 	text_2: autoDraw = False
80.1995 	EXP 	textbox: autoDraw = False
80.1995 	EXP 	text_3: autoDraw = False
80.1995 	EXP 	text_2: height = 0.05
80.1995 	EXP 	text_2: height = 0.05
80.1995 	EXP 	text_2: height = 0.05
80.1995 	EXP 	text_2: text = 'c_s_io_'
80.1995 	EXP 	text_2: autoDraw = True
80.1995 	EXP 	textbox: autoDraw = True
80.1995 	EXP 	text_3: autoDraw = True
80.3551 	DATA 	Mouse:  Left button up, pos=(696,175)
80.9668 	DATA 	Keypress: c
81.1328 	DATA 	Keypress: u
81.2824 	DATA 	Keypress: s
81.4339 	DATA 	Keypress: h
81.6498 	DATA 	Keypress: i
81.7874 	DATA 	Keypress: o
81.9658 	DATA 	Keypress: n
82.3696 	DATA 	Mouse: Left button down, pos=(696,175)
82.3836 	EXP 	New trial (rep=0, index=15): <Trial 15 (15 in rep 0) data={'test_word': 'c_s_', 'Reference': 'Case', 'old_new': 'old', 'thisN': 15, 'thisTrialN': 15, 'thisRepN': 0}>
82.3987 	EXP 	text_2: autoDraw = False
82.3987 	EXP 	textbox: autoDraw = False
82.3987 	EXP 	text_3: autoDraw = False
82.3987 	EXP 	text_2: height = 0.05
82.3987 	EXP 	text_2: height = 0.05
82.3987 	EXP 	text_2: height = 0.05
82.3987 	EXP 	text_2: text = 'c_s_'
82.3987 	EXP 	text_2: autoDraw = True
82.3987 	EXP 	textbox: autoDraw = True
82.3987 	EXP 	text_3: autoDraw = True
82.5824 	DATA 	Mouse:  Left button up, pos=(696,175)
83.1395 	DATA 	Keypress: c
83.3153 	DATA 	Keypress: a
83.4823 	DATA 	Keypress: s
83.6847 	DATA 	Keypress: e
83.9146 	DATA 	Mouse: Left button down, pos=(696,175)
83.9157 	EXP 	New trial (rep=0, index=16): <Trial 16 (16 in rep 0) data={'test_word': 'K_y_', 'Reference': 'Keys', 'old_new': 'old', 'thisN': 16, 'thisTrialN': 16, 'thisRepN': 0}>
83.9317 	EXP 	text_2: autoDraw = False
83.9317 	EXP 	textbox: autoDraw = False
83.9317 	EXP 	text_3: autoDraw = False
83.9317 	EXP 	text_2: height = 0.05
83.9317 	EXP 	text_2: height = 0.05
83.9317 	EXP 	text_2: height = 0.05
83.9317 	EXP 	text_2: text = 'K_y_'
83.9317 	EXP 	text_2: autoDraw = True
83.9317 	EXP 	textbox: autoDraw = True
83.9317 	EXP 	text_3: autoDraw = True
84.1155 	DATA 	Mouse:  Left button up, pos=(696,175)
84.5557 	DATA 	Keypress: k
84.6153 	DATA 	Keypress: e
84.9158 	DATA 	Keypress: t
85.3490 	DATA 	Keypress: backspace
85.4350 	DATA 	Keypress: y
85.6320 	DATA 	Keypress: s
85.8507 	DATA 	Mouse: Left button down, pos=(696,175)
85.8653 	EXP 	New trial (rep=0, index=17): <Trial 17 (17 in rep 0) data={'test_word': '_oo_', 'Reference': 'Book', 'old_new': 'old', 'thisN': 17, 'thisTrialN': 17, 'thisRepN': 0}>
85.8804 	EXP 	text_2: autoDraw = False
85.8804 	EXP 	textbox: autoDraw = False
85.8804 	EXP 	text_3: autoDraw = False
85.8804 	EXP 	text_2: height = 0.05
85.8804 	EXP 	text_2: height = 0.05
85.8804 	EXP 	text_2: height = 0.05
85.8804 	EXP 	text_2: text = '_oo_'
85.8804 	EXP 	text_2: autoDraw = True
85.8804 	EXP 	textbox: autoDraw = True
85.8804 	EXP 	text_3: autoDraw = True
86.0472 	DATA 	Mouse:  Left button up, pos=(696,175)
86.6811 	DATA 	Keypress: b
87.1466 	DATA 	Keypress: o
87.3020 	DATA 	Keypress: o
88.1683 	DATA 	Keypress: equal
88.3189 	DATA 	Keypress: equal
88.4806 	DATA 	Keypress: equal
88.8473 	DATA 	Keypress: backspace
89.0466 	DATA 	Keypress: backspace
89.2122 	DATA 	Keypress: backspace
89.7130 	DATA 	Keypress: t
90.0661 	DATA 	Mouse: Left button down, pos=(696,175)
90.0802 	EXP 	New trial (rep=0, index=18): <Trial 18 (18 in rep 0) data={'test_word': 'v_s_', 'Reference': 'Vase', 'old_new': 'new', 'thisN': 18, 'thisTrialN': 18, 'thisRepN': 0}>
90.0956 	EXP 	text_2: autoDraw = False
90.0956 	EXP 	textbox: autoDraw = False
90.0956 	EXP 	text_3: autoDraw = False
90.0956 	EXP 	text_2: height = 0.05
90.0956 	EXP 	text_2: height = 0.05
90.0956 	EXP 	text_2: height = 0.05
90.0956 	EXP 	text_2: text = 'v_s_'
90.0956 	EXP 	text_2: autoDraw = True
90.0956 	EXP 	textbox: autoDraw = True
90.0956 	EXP 	text_3: autoDraw = True
90.2295 	DATA 	Mouse:  Left button up, pos=(696,175)
91.0121 	DATA 	Keypress: v
91.4618 	DATA 	Keypress: a
91.6451 	DATA 	Keypress: s
91.8627 	DATA 	Keypress: e
92.1615 	DATA 	Mouse: Left button down, pos=(696,175)
92.1627 	EXP 	New trial (rep=0, index=19): <Trial 19 (19 in rep 0) data={'test_word': '_ru_s_', 'Reference': 'Cruise', 'old_new': 'old', 'thisN': 19, 'thisTrialN': 19, 'thisRepN': 0}>
92.1778 	EXP 	text_2: autoDraw = False
92.1778 	EXP 	textbox: autoDraw = False
92.1778 	EXP 	text_3: autoDraw = False
92.1778 	EXP 	text_2: height = 0.05
92.1778 	EXP 	text_2: height = 0.05
92.1778 	EXP 	text_2: height = 0.05
92.1778 	EXP 	text_2: text = '_ru_s_'
92.1778 	EXP 	text_2: autoDraw = True
92.1778 	EXP 	textbox: autoDraw = True
92.1778 	EXP 	text_3: autoDraw = True
92.3445 	DATA 	Mouse:  Left button up, pos=(696,175)
93.1611 	DATA 	Keypress: c
93.6779 	DATA 	Keypress: r
93.7944 	DATA 	Keypress: u
93.9776 	DATA 	Keypress: i
94.0833 	DATA 	Keypress: s
94.2946 	DATA 	Keypress: e
94.5650 	DATA 	Mouse: Left button down, pos=(696,175)
94.5937 	EXP 	text_2: autoDraw = False
94.5937 	EXP 	textbox: autoDraw = False
94.5937 	EXP 	text_3: autoDraw = False
94.5938 	EXP 	wordpriming: status = STOPPED
94.6306 	INFO 	saved data to 'C:\\Users\\User\\Desktop\\AU\\SEM5\\PSY310\\Experiments\\wordpriming\\data/AN_wordpriming_2024-10-25_12h07.27.130.csv'
94.6325 	INFO 	saved data to C:\Users\User\Desktop\AU\SEM5\PSY310\Experiments\wordpriming\data/AN_wordpriming_2024-10-25_12h07.27.130.psydat
94.6845 	EXP 	window1: mouseVisible = True
